[1123/170722.785:ERROR:directory_reader_win.cc(43)] FindFirstFile: 系統找不到指定的路徑。 (0x3)
[1123/171939.565:ERROR:directory_reader_win.cc(43)] FindFirstFile: 系統找不到指定的路徑。 (0x3)
[1130/133517.289:ERROR:process_reader_win.cc(123)] NtOpenThread: {拒絕存取} 程序已請求存取一物件，但未被授與存取權。 (0xc0000022)
[1130/133517.293:ERROR:exception_snapshot_win.cc(99)] thread ID 8808 not found in process
[1130/133517.301:ERROR:process_reader_win.cc(123)] NtOpenThread: {拒絕存取} 程序已請求存取一物件，但未被授與存取權。 (0xc0000022)
[1130/133517.301:ERROR:exception_snapshot_win.cc(99)] thread ID 22488 not found in process
[1130/133639.506:ERROR:process_reader_win.cc(123)] NtOpenThread: {拒絕存取} 程序已請求存取一物件，但未被授與存取權。 (0xc0000022)
[1130/133639.513:ERROR:process_reader_win.cc(123)] NtOpenThread: {拒絕存取} 程序已請求存取一物件，但未被授與存取權。 (0xc0000022)
[1130/133639.513:ERROR:exception_snapshot_win.cc(99)] thread ID 19268 not found in process
[1130/133639.513:ERROR:exception_snapshot_win.cc(99)] thread ID 14448 not found in process
[1130/133639.532:ERROR:process_reader_win.cc(123)] NtOpenThread: {拒絕存取} 程序已請求存取一物件，但未被授與存取權。 (0xc0000022)
[1130/133639.532:ERROR:exception_snapshot_win.cc(99)] thread ID 3440 not found in process
[1130/133937.462:ERROR:process_reader_win.cc(151)] SuspendThread: 存取被拒。 (0x5)
[1130/133937.464:ERROR:process_reader_win.cc(151)] SuspendThread: 存取被拒。 (0x5)
[1130/133937.471:ERROR:process_reader_win.cc(123)] NtOpenThread: {拒絕存取} 程序已請求存取一物件，但未被授與存取權。 (0xc0000022)
[1130/133937.476:ERROR:exception_snapshot_win.cc(99)] thread ID 18100 not found in process
[1130/133937.470:ERROR:process_reader_win.cc(123)] NtOpenThread: {拒絕存取} 程序已請求存取一物件，但未被授與存取權。 (0xc0000022)
[1130/133937.477:ERROR:exception_snapshot_win.cc(99)] thread ID 16952 not found in process
[1130/133937.478:ERROR:process_reader_win.cc(123)] NtOpenThread: {拒絕存取} 程序已請求存取一物件，但未被授與存取權。 (0xc0000022)
[1130/133937.478:ERROR:exception_snapshot_win.cc(99)] thread ID 16152 not found in process
[1130/133937.476:ERROR:process_reader_win.cc(123)] NtOpenThread: {拒絕存取} 程序已請求存取一物件，但未被授與存取權。 (0xc0000022)
[1130/133937.478:ERROR:exception_snapshot_win.cc(99)] thread ID 12564 not found in process
[1130/133937.467:ERROR:process_reader_win.cc(123)] NtOpenThread: {拒絕存取} 程序已請求存取一物件，但未被授與存取權。 (0xc0000022)
[1130/133937.480:ERROR:exception_snapshot_win.cc(99)] thread ID 23864 not found in process
[1130/133937.468:ERROR:process_reader_win.cc(123)] NtOpenThread: {拒絕存取} 程序已請求存取一物件，但未被授與存取權。 (0xc0000022)
[1130/133937.524:ERROR:exception_snapshot_win.cc(99)] thread ID 15356 not found in process
[1130/133937.529:ERROR:process_reader_win.cc(123)] NtOpenThread: {拒絕存取} 程序已請求存取一物件，但未被授與存取權。 (0xc0000022)
[1130/133937.529:ERROR:exception_snapshot_win.cc(99)] thread ID 18584 not found in process
[1130/133937.543:ERROR:process_reader_win.cc(123)] NtOpenThread: {拒絕存取} 程序已請求存取一物件，但未被授與存取權。 (0xc0000022)
[1130/133937.544:ERROR:exception_snapshot_win.cc(99)] thread ID 3452 not found in process
[1130/133937.545:ERROR:process_reader_win.cc(123)] NtOpenThread: {拒絕存取} 程序已請求存取一物件，但未被授與存取權。 (0xc0000022)
[1130/133937.546:ERROR:exception_snapshot_win.cc(99)] thread ID 18748 not found in process
[1130/133937.549:ERROR:process_reader_win.cc(123)] NtOpenThread: {拒絕存取} 程序已請求存取一物件，但未被授與存取權。 (0xc0000022)
[1130/133937.549:ERROR:exception_snapshot_win.cc(99)] thread ID 1380 not found in process
[1130/135226.607:ERROR:process_reader_win.cc(123)] NtOpenThread: {拒絕存取} 程序已請求存取一物件，但未被授與存取權。 (0xc0000022)
[1130/135226.613:ERROR:exception_snapshot_win.cc(99)] thread ID 17236 not found in process
[1130/135226.624:ERROR:process_reader_win.cc(123)] NtOpenThread: {拒絕存取} 程序已請求存取一物件，但未被授與存取權。 (0xc0000022)
[1130/135226.624:ERROR:exception_snapshot_win.cc(99)] thread ID 24304 not found in process
[1130/135226.624:ERROR:process_reader_win.cc(151)] SuspendThread: 存取被拒。 (0x5)
[1130/135226.632:ERROR:process_reader_win.cc(151)] SuspendThread: 存取被拒。 (0x5)
[1130/135226.634:ERROR:process_reader_win.cc(151)] SuspendThread: 存取被拒。 (0x5)
[1130/135226.632:ERROR:process_reader_win.cc(151)] SuspendThread: 存取被拒。 (0x5)
[1130/135226.635:ERROR:process_reader_win.cc(151)] SuspendThread: 存取被拒。 (0x5)
[1130/135226.636:ERROR:process_reader_win.cc(151)] SuspendThread: 存取被拒。 (0x5)
[1130/135226.637:ERROR:process_reader_win.cc(151)] SuspendThread: 存取被拒。 (0x5)
[1130/135226.637:ERROR:process_reader_win.cc(151)] SuspendThread: 存取被拒。 (0x5)
[1130/135226.637:ERROR:process_reader_win.cc(151)] SuspendThread: 存取被拒。 (0x5)
[1130/135226.638:ERROR:process_reader_win.cc(151)] SuspendThread: 存取被拒。 (0x5)
[1130/135226.638:ERROR:process_reader_win.cc(151)] SuspendThread: 存取被拒。 (0x5)
[1130/135226.639:ERROR:process_reader_win.cc(151)] SuspendThread: 存取被拒。 (0x5)
[1130/135226.640:ERROR:process_reader_win.cc(151)] SuspendThread: 存取被拒。 (0x5)
[1130/135226.641:ERROR:process_reader_win.cc(151)] SuspendThread: 存取被拒。 (0x5)
[1130/135226.646:ERROR:process_reader_win.cc(151)] SuspendThread: 存取被拒。 (0x5)
[1130/135226.648:ERROR:process_reader_win.cc(151)] SuspendThread: 存取被拒。 (0x5)
[1130/135226.648:ERROR:process_reader_win.cc(151)] SuspendThread: 存取被拒。 (0x5)
[1130/135226.648:ERROR:process_reader_win.cc(123)] NtOpenThread: {拒絕存取} 程序已請求存取一物件，但未被授與存取權。 (0xc0000022)
[1130/135226.648:ERROR:exception_snapshot_win.cc(99)] thread ID 9044 not found in process
[1130/135226.649:ERROR:process_reader_win.cc(151)] SuspendThread: 存取被拒。 (0x5)
[1130/135226.651:ERROR:process_reader_win.cc(151)] SuspendThread: 存取被拒。 (0x5)
[1130/135226.652:ERROR:process_reader_win.cc(151)] SuspendThread: 存取被拒。 (0x5)
[1130/135226.654:ERROR:process_reader_win.cc(151)] SuspendThread: 存取被拒。 (0x5)
[1130/135226.654:ERROR:process_reader_win.cc(151)] SuspendThread: 存取被拒。 (0x5)
[1130/135226.655:ERROR:process_reader_win.cc(151)] SuspendThread: 存取被拒。 (0x5)
[1130/135226.656:ERROR:process_reader_win.cc(151)] SuspendThread: 存取被拒。 (0x5)
[1130/135226.656:ERROR:process_reader_win.cc(151)] SuspendThread: 存取被拒。 (0x5)
[1130/135226.657:ERROR:process_reader_win.cc(151)] SuspendThread: 存取被拒。 (0x5)
[1130/135226.657:ERROR:process_reader_win.cc(123)] NtOpenThread: {拒絕存取} 程序已請求存取一物件，但未被授與存取權。 (0xc0000022)
[1130/135226.657:ERROR:exception_snapshot_win.cc(99)] thread ID 9508 not found in process
[1130/135226.658:ERROR:process_reader_win.cc(151)] SuspendThread: 存取被拒。 (0x5)
[1130/135226.658:ERROR:process_reader_win.cc(151)] SuspendThread: 存取被拒。 (0x5)
[1130/135226.659:ERROR:process_reader_win.cc(151)] SuspendThread: 存取被拒。 (0x5)
[1130/135226.659:ERROR:process_reader_win.cc(151)] SuspendThread: 存取被拒。 (0x5)
[1130/135226.660:ERROR:process_reader_win.cc(151)] SuspendThread: 存取被拒。 (0x5)
[1130/135226.660:ERROR:process_reader_win.cc(151)] SuspendThread: 存取被拒。 (0x5)
[1130/135226.660:ERROR:process_reader_win.cc(151)] SuspendThread: 存取被拒。 (0x5)
[1130/135226.661:ERROR:process_reader_win.cc(151)] SuspendThread: 存取被拒。 (0x5)
[1130/135226.661:ERROR:process_reader_win.cc(151)] SuspendThread: 存取被拒。 (0x5)
[1130/135226.661:ERROR:process_reader_win.cc(151)] SuspendThread: 存取被拒。 (0x5)
[1130/135226.662:ERROR:process_reader_win.cc(151)] SuspendThread: 存取被拒。 (0x5)
[1130/135226.663:ERROR:process_reader_win.cc(151)] SuspendThread: 存取被拒。 (0x5)
[1130/135226.663:ERROR:process_reader_win.cc(151)] SuspendThread: 存取被拒。 (0x5)
[1130/135226.664:ERROR:process_reader_win.cc(151)] SuspendThread: 存取被拒。 (0x5)
[1130/135226.664:ERROR:process_reader_win.cc(151)] SuspendThread: 存取被拒。 (0x5)
[1130/135226.665:ERROR:process_reader_win.cc(151)] SuspendThread: 存取被拒。 (0x5)
[1130/135226.665:ERROR:process_reader_win.cc(151)] SuspendThread: 存取被拒。 (0x5)
[1130/135226.665:ERROR:process_reader_win.cc(151)] SuspendThread: 存取被拒。 (0x5)
[1130/135226.665:ERROR:process_reader_win.cc(151)] SuspendThread: 存取被拒。 (0x5)
[1130/135226.667:ERROR:process_reader_win.cc(151)] SuspendThread: 存取被拒。 (0x5)
[1130/135226.667:ERROR:process_reader_win.cc(151)] SuspendThread: 存取被拒。 (0x5)
[1130/135226.667:ERROR:process_reader_win.cc(123)] NtOpenThread: {拒絕存取} 程序已請求存取一物件，但未被授與存取權。 (0xc0000022)
[1130/135226.667:ERROR:exception_snapshot_win.cc(99)] thread ID 13836 not found in process
[1130/135226.667:ERROR:process_reader_win.cc(151)] SuspendThread: 存取被拒。 (0x5)
[1130/135226.668:ERROR:process_reader_win.cc(151)] SuspendThread: 存取被拒。 (0x5)
[1130/135226.668:ERROR:process_reader_win.cc(151)] SuspendThread: 存取被拒。 (0x5)
[1130/135226.668:ERROR:process_reader_win.cc(151)] SuspendThread: 存取被拒。 (0x5)
[1130/135226.668:ERROR:process_reader_win.cc(151)] SuspendThread: 存取被拒。 (0x5)
[1130/135226.669:ERROR:process_reader_win.cc(151)] SuspendThread: 存取被拒。 (0x5)
[1130/135226.669:ERROR:process_reader_win.cc(151)] SuspendThread: 存取被拒。 (0x5)
[1130/135226.669:ERROR:process_reader_win.cc(151)] SuspendThread: 存取被拒。 (0x5)
[1130/135226.670:ERROR:process_reader_win.cc(151)] SuspendThread: 存取被拒。 (0x5)
[1130/135226.670:ERROR:process_reader_win.cc(151)] SuspendThread: 存取被拒。 (0x5)
[1130/135226.670:ERROR:process_reader_win.cc(151)] SuspendThread: 存取被拒。 (0x5)
[1130/135226.670:ERROR:process_reader_win.cc(151)] SuspendThread: 存取被拒。 (0x5)
[1130/135226.670:ERROR:process_reader_win.cc(151)] SuspendThread: 存取被拒。 (0x5)
[1130/135226.671:ERROR:process_reader_win.cc(151)] SuspendThread: 存取被拒。 (0x5)
[1130/135226.671:ERROR:process_reader_win.cc(151)] SuspendThread: 存取被拒。 (0x5)
[1130/135226.671:ERROR:process_reader_win.cc(151)] SuspendThread: 存取被拒。 (0x5)
[1130/135226.671:ERROR:process_reader_win.cc(151)] SuspendThread: 存取被拒。 (0x5)
[1130/135226.672:ERROR:process_reader_win.cc(151)] SuspendThread: 存取被拒。 (0x5)
[1130/135226.672:ERROR:process_reader_win.cc(151)] SuspendThread: 存取被拒。 (0x5)
[1130/135226.672:ERROR:process_reader_win.cc(151)] SuspendThread: 存取被拒。 (0x5)
[1130/135226.673:ERROR:process_reader_win.cc(151)] SuspendThread: 存取被拒。 (0x5)
[1130/135226.673:ERROR:process_reader_win.cc(151)] SuspendThread: 存取被拒。 (0x5)
[1130/135226.674:ERROR:process_reader_win.cc(151)] SuspendThread: 存取被拒。 (0x5)
[1130/135226.671:ERROR:process_reader_win.cc(123)] NtOpenThread: {拒絕存取} 程序已請求存取一物件，但未被授與存取權。 (0xc0000022)
[1130/135226.674:ERROR:exception_snapshot_win.cc(99)] thread ID 21036 not found in process
[1130/135226.674:ERROR:process_reader_win.cc(151)] SuspendThread: 存取被拒。 (0x5)
[1130/135226.675:ERROR:process_reader_win.cc(151)] SuspendThread: 存取被拒。 (0x5)
[1130/135226.675:ERROR:process_reader_win.cc(151)] SuspendThread: 存取被拒。 (0x5)
[1130/135226.675:ERROR:process_reader_win.cc(151)] SuspendThread: 存取被拒。 (0x5)
[1130/135226.675:ERROR:process_reader_win.cc(151)] SuspendThread: 存取被拒。 (0x5)
[1130/135226.675:ERROR:process_reader_win.cc(123)] NtOpenThread: {拒絕存取} 程序已請求存取一物件，但未被授與存取權。 (0xc0000022)
[1130/135226.675:ERROR:process_reader_win.cc(151)] SuspendThread: 存取被拒。 (0x5)
[1130/135226.675:ERROR:exception_snapshot_win.cc(99)] thread ID 24084 not found in process
[1130/135226.676:ERROR:process_reader_win.cc(151)] SuspendThread: 存取被拒。 (0x5)
[1130/135226.676:ERROR:process_reader_win.cc(151)] SuspendThread: 存取被拒。 (0x5)
[1130/135226.676:ERROR:process_reader_win.cc(151)] SuspendThread: 存取被拒。 (0x5)
[1130/135226.676:ERROR:process_reader_win.cc(151)] SuspendThread: 存取被拒。 (0x5)
[1130/135226.677:ERROR:process_reader_win.cc(151)] SuspendThread: 存取被拒。 (0x5)
[1130/135226.677:ERROR:process_reader_win.cc(151)] SuspendThread: 存取被拒。 (0x5)
[1130/135226.677:ERROR:process_reader_win.cc(151)] SuspendThread: 存取被拒。 (0x5)
[1130/135226.677:ERROR:process_reader_win.cc(123)] NtOpenThread: {拒絕存取} 程序已請求存取一物件，但未被授與存取權。 (0xc0000022)
[1130/135226.677:ERROR:process_reader_win.cc(151)] SuspendThread: 存取被拒。 (0x5)
[1130/135226.677:ERROR:process_reader_win.cc(151)] SuspendThread: 存取被拒。 (0x5)
[1130/135226.678:ERROR:exception_snapshot_win.cc(99)] thread ID 12248 not found in process
[1130/135226.678:ERROR:process_reader_win.cc(151)] SuspendThread: 存取被拒。 (0x5)
[1130/135226.678:ERROR:process_reader_win.cc(151)] SuspendThread: 存取被拒。 (0x5)
[1130/135226.678:ERROR:process_reader_win.cc(151)] SuspendThread: 存取被拒。 (0x5)
[1130/135226.679:ERROR:process_reader_win.cc(151)] SuspendThread: 存取被拒。 (0x5)
[1130/135226.679:ERROR:process_reader_win.cc(151)] SuspendThread: 存取被拒。 (0x5)
[1130/135226.679:ERROR:process_reader_win.cc(151)] SuspendThread: 存取被拒。 (0x5)
[1130/135226.680:ERROR:process_reader_win.cc(151)] SuspendThread: 存取被拒。 (0x5)
[1130/135226.680:ERROR:process_reader_win.cc(151)] SuspendThread: 存取被拒。 (0x5)
[1130/135226.680:ERROR:process_reader_win.cc(151)] SuspendThread: 存取被拒。 (0x5)
[1130/135226.681:ERROR:process_reader_win.cc(151)] SuspendThread: 存取被拒。 (0x5)
[1130/135226.681:ERROR:process_reader_win.cc(151)] SuspendThread: 存取被拒。 (0x5)
[1130/135226.681:ERROR:process_reader_win.cc(123)] NtOpenThread: {拒絕存取} 程序已請求存取一物件，但未被授與存取權。 (0xc0000022)
[1130/135226.681:ERROR:exception_snapshot_win.cc(99)] thread ID 22544 not found in process
[1130/135226.681:ERROR:process_reader_win.cc(151)] SuspendThread: 存取被拒。 (0x5)
[1130/135226.681:ERROR:process_reader_win.cc(151)] SuspendThread: 存取被拒。 (0x5)
[1130/135226.681:ERROR:process_reader_win.cc(151)] SuspendThread: 存取被拒。 (0x5)
[1130/135226.681:ERROR:process_reader_win.cc(151)] SuspendThread: 存取被拒。 (0x5)
[1130/135226.682:ERROR:process_reader_win.cc(151)] SuspendThread: 存取被拒。 (0x5)
[1130/135226.682:ERROR:process_reader_win.cc(123)] NtOpenThread: {拒絕存取} 程序已請求存取一物件，但未被授與存取權。 (0xc0000022)
[1130/135226.682:ERROR:exception_snapshot_win.cc(99)] thread ID 16132 not found in process
[1130/135226.682:ERROR:process_reader_win.cc(151)] SuspendThread: 存取被拒。 (0x5)
[1130/135226.683:ERROR:process_reader_win.cc(151)] SuspendThread: 存取被拒。 (0x5)
[1130/135226.683:ERROR:process_reader_win.cc(151)] SuspendThread: 存取被拒。 (0x5)
[1130/135226.683:ERROR:process_reader_win.cc(151)] SuspendThread: 存取被拒。 (0x5)
[1130/135226.684:ERROR:process_reader_win.cc(151)] SuspendThread: 存取被拒。 (0x5)
[1130/135226.684:ERROR:process_reader_win.cc(151)] SuspendThread: 存取被拒。 (0x5)
[1130/135226.684:ERROR:process_reader_win.cc(151)] SuspendThread: 存取被拒。 (0x5)
[1130/135226.684:ERROR:process_reader_win.cc(123)] NtOpenThread: {拒絕存取} 程序已請求存取一物件，但未被授與存取權。 (0xc0000022)
[1130/135226.684:ERROR:exception_snapshot_win.cc(99)] thread ID 23084 not found in process
[1130/135226.684:ERROR:process_reader_win.cc(151)] SuspendThread: 存取被拒。 (0x5)
[1130/135226.685:ERROR:process_reader_win.cc(151)] SuspendThread: 存取被拒。 (0x5)
[1130/135226.686:ERROR:process_reader_win.cc(151)] SuspendThread: 存取被拒。 (0x5)
[1130/135226.687:ERROR:process_reader_win.cc(151)] SuspendThread: 存取被拒。 (0x5)
[1130/135226.687:ERROR:process_reader_win.cc(151)] SuspendThread: 存取被拒。 (0x5)
[1130/135226.687:ERROR:process_reader_win.cc(151)] SuspendThread: 存取被拒。 (0x5)
[1130/135226.688:ERROR:process_reader_win.cc(151)] SuspendThread: 存取被拒。 (0x5)
[1130/135226.688:ERROR:process_reader_win.cc(151)] SuspendThread: 存取被拒。 (0x5)
[1130/135226.688:ERROR:process_reader_win.cc(151)] SuspendThread: 存取被拒。 (0x5)
[1130/135226.689:ERROR:process_reader_win.cc(151)] SuspendThread: 存取被拒。 (0x5)
[1130/135226.689:ERROR:process_reader_win.cc(151)] SuspendThread: 存取被拒。 (0x5)
[1130/135226.689:ERROR:process_reader_win.cc(151)] SuspendThread: 存取被拒。 (0x5)
[1130/135226.691:ERROR:process_reader_win.cc(151)] SuspendThread: 存取被拒。 (0x5)
[1130/135226.691:ERROR:process_reader_win.cc(151)] SuspendThread: 存取被拒。 (0x5)
[1130/135226.691:ERROR:process_reader_win.cc(151)] SuspendThread: 存取被拒。 (0x5)
[1130/135226.692:ERROR:process_reader_win.cc(151)] SuspendThread: 存取被拒。 (0x5)
[1130/135226.692:ERROR:process_reader_win.cc(151)] SuspendThread: 存取被拒。 (0x5)
[1130/135226.692:ERROR:process_reader_win.cc(123)] NtOpenThread: {拒絕存取} 程序已請求存取一物件，但未被授與存取權。 (0xc0000022)
[1130/135226.692:ERROR:exception_snapshot_win.cc(99)] thread ID 19608 not found in process
[1130/135226.693:ERROR:process_reader_win.cc(151)] SuspendThread: 存取被拒。 (0x5)
[1130/135226.693:ERROR:process_reader_win.cc(151)] SuspendThread: 存取被拒。 (0x5)
[1130/135226.693:ERROR:process_reader_win.cc(151)] SuspendThread: 存取被拒。 (0x5)
[1130/135226.694:ERROR:process_reader_win.cc(151)] SuspendThread: 存取被拒。 (0x5)
[1130/135226.695:ERROR:process_reader_win.cc(151)] SuspendThread: 存取被拒。 (0x5)
[1130/135226.695:ERROR:process_reader_win.cc(151)] SuspendThread: 存取被拒。 (0x5)
[1130/135226.695:ERROR:process_reader_win.cc(151)] SuspendThread: 存取被拒。 (0x5)
[1130/135226.695:ERROR:process_reader_win.cc(151)] SuspendThread: 存取被拒。 (0x5)
[1130/135226.696:ERROR:process_reader_win.cc(151)] SuspendThread: 存取被拒。 (0x5)
[1130/135226.696:ERROR:process_reader_win.cc(151)] SuspendThread: 存取被拒。 (0x5)
[1130/135226.697:ERROR:process_reader_win.cc(151)] SuspendThread: 存取被拒。 (0x5)
[1130/135226.697:ERROR:process_reader_win.cc(151)] SuspendThread: 存取被拒。 (0x5)
[1130/135226.697:ERROR:process_reader_win.cc(151)] SuspendThread: 存取被拒。 (0x5)
[1130/135226.697:ERROR:process_reader_win.cc(151)] SuspendThread: 存取被拒。 (0x5)
[1130/135226.697:ERROR:process_reader_win.cc(151)] SuspendThread: 存取被拒。 (0x5)
[1130/135226.698:ERROR:process_reader_win.cc(151)] SuspendThread: 存取被拒。 (0x5)
[1130/135226.698:ERROR:process_reader_win.cc(151)] SuspendThread: 存取被拒。 (0x5)
[1130/135226.698:ERROR:process_reader_win.cc(151)] SuspendThread: 存取被拒。 (0x5)
[1130/135226.699:ERROR:process_reader_win.cc(151)] SuspendThread: 存取被拒。 (0x5)
[1130/135226.699:ERROR:process_reader_win.cc(151)] SuspendThread: 存取被拒。 (0x5)
[1130/135226.699:ERROR:process_reader_win.cc(151)] SuspendThread: 存取被拒。 (0x5)
[1130/135226.699:ERROR:process_reader_win.cc(151)] SuspendThread: 存取被拒。 (0x5)
[1130/135226.699:ERROR:process_reader_win.cc(151)] SuspendThread: 存取被拒。 (0x5)
[1130/135226.700:ERROR:process_reader_win.cc(151)] SuspendThread: 存取被拒。 (0x5)
[1130/135226.700:ERROR:process_reader_win.cc(151)] SuspendThread: 存取被拒。 (0x5)
[1130/135226.701:ERROR:process_reader_win.cc(151)] SuspendThread: 存取被拒。 (0x5)
[1130/135226.701:ERROR:process_reader_win.cc(151)] SuspendThread: 存取被拒。 (0x5)
[1130/135226.701:ERROR:process_reader_win.cc(151)] SuspendThread: 存取被拒。 (0x5)
[1130/135226.701:ERROR:process_reader_win.cc(151)] SuspendThread: 存取被拒。 (0x5)
[1130/135226.701:ERROR:process_reader_win.cc(151)] SuspendThread: 存取被拒。 (0x5)
[1130/135226.702:ERROR:process_reader_win.cc(151)] SuspendThread: 存取被拒。 (0x5)
[1130/135226.702:ERROR:process_reader_win.cc(151)] SuspendThread: 存取被拒。 (0x5)
[1130/135226.702:ERROR:process_reader_win.cc(151)] SuspendThread: 存取被拒。 (0x5)
[1130/135226.702:ERROR:process_reader_win.cc(151)] SuspendThread: 存取被拒。 (0x5)
[1130/135226.703:ERROR:process_reader_win.cc(151)] SuspendThread: 存取被拒。 (0x5)
[1130/135226.703:ERROR:process_reader_win.cc(151)] SuspendThread: 存取被拒。 (0x5)
[1130/135226.703:ERROR:process_reader_win.cc(151)] SuspendThread: 存取被拒。 (0x5)
[1130/135226.704:ERROR:process_reader_win.cc(151)] SuspendThread: 存取被拒。 (0x5)
[1130/135226.704:ERROR:process_reader_win.cc(151)] SuspendThread: 存取被拒。 (0x5)
[1130/135226.704:ERROR:process_reader_win.cc(151)] SuspendThread: 存取被拒。 (0x5)
[1130/135226.704:ERROR:process_reader_win.cc(151)] SuspendThread: 存取被拒。 (0x5)
[1130/135226.704:ERROR:process_reader_win.cc(151)] SuspendThread: 存取被拒。 (0x5)
[1130/135226.705:ERROR:process_reader_win.cc(151)] SuspendThread: 存取被拒。 (0x5)
[1130/135226.705:ERROR:process_reader_win.cc(151)] SuspendThread: 存取被拒。 (0x5)
[1130/135226.705:ERROR:process_reader_win.cc(151)] SuspendThread: 存取被拒。 (0x5)
[1130/135226.705:ERROR:process_reader_win.cc(123)] NtOpenThread: {拒絕存取} 程序已請求存取一物件，但未被授與存取權。 (0xc0000022)
[1130/135226.705:ERROR:process_reader_win.cc(151)] SuspendThread: 存取被拒。 (0x5)
[1130/135226.705:ERROR:exception_snapshot_win.cc(99)] thread ID 18372 not found in process
[1130/135226.706:ERROR:process_reader_win.cc(151)] SuspendThread: 存取被拒。 (0x5)
[1130/135226.706:ERROR:process_reader_win.cc(151)] SuspendThread: 存取被拒。 (0x5)
[1130/135226.706:ERROR:process_reader_win.cc(151)] SuspendThread: 存取被拒。 (0x5)
[1130/135226.706:ERROR:process_reader_win.cc(151)] SuspendThread: 存取被拒。 (0x5)
[1130/135226.707:ERROR:process_reader_win.cc(151)] SuspendThread: 存取被拒。 (0x5)
[1130/135226.707:ERROR:process_reader_win.cc(151)] SuspendThread: 存取被拒。 (0x5)
[1130/135226.708:ERROR:process_reader_win.cc(151)] SuspendThread: 存取被拒。 (0x5)
[1130/135226.708:ERROR:process_reader_win.cc(151)] SuspendThread: 存取被拒。 (0x5)
[1130/135226.708:ERROR:process_reader_win.cc(151)] SuspendThread: 存取被拒。 (0x5)
[1130/135226.708:ERROR:process_reader_win.cc(151)] SuspendThread: 存取被拒。 (0x5)
[1130/135226.709:ERROR:process_reader_win.cc(151)] SuspendThread: 存取被拒。 (0x5)
[1130/135226.709:ERROR:process_reader_win.cc(151)] SuspendThread: 存取被拒。 (0x5)
[1130/135226.709:ERROR:process_reader_win.cc(151)] SuspendThread: 存取被拒。 (0x5)
[1130/135226.709:ERROR:process_reader_win.cc(151)] SuspendThread: 存取被拒。 (0x5)
[1130/135226.710:ERROR:process_reader_win.cc(123)] NtOpenThread: {拒絕存取} 程序已請求存取一物件，但未被授與存取權。 (0xc0000022)
[1130/135226.710:ERROR:exception_snapshot_win.cc(99)] thread ID 11568 not found in process
[1130/135226.710:ERROR:process_reader_win.cc(151)] SuspendThread: 存取被拒。 (0x5)
[1130/135226.710:ERROR:process_reader_win.cc(123)] NtOpenThread: {拒絕存取} 程序已請求存取一物件，但未被授與存取權。 (0xc0000022)
[1130/135226.710:ERROR:exception_snapshot_win.cc(99)] thread ID 8556 not found in process
[1130/135226.710:ERROR:process_reader_win.cc(151)] SuspendThread: 存取被拒。 (0x5)
[1130/135226.711:ERROR:process_reader_win.cc(151)] SuspendThread: 存取被拒。 (0x5)
[1130/135226.711:ERROR:process_reader_win.cc(151)] SuspendThread: 存取被拒。 (0x5)
[1130/135226.711:ERROR:process_reader_win.cc(151)] SuspendThread: 存取被拒。 (0x5)
[1130/135226.712:ERROR:process_reader_win.cc(151)] SuspendThread: 存取被拒。 (0x5)
[1130/135226.712:ERROR:process_reader_win.cc(151)] SuspendThread: 存取被拒。 (0x5)
[1130/135226.712:ERROR:process_reader_win.cc(151)] SuspendThread: 存取被拒。 (0x5)
[1130/135226.712:ERROR:process_reader_win.cc(151)] SuspendThread: 存取被拒。 (0x5)
[1130/135226.713:ERROR:process_reader_win.cc(151)] SuspendThread: 存取被拒。 (0x5)
[1130/135226.713:ERROR:process_reader_win.cc(151)] SuspendThread: 存取被拒。 (0x5)
[1130/135226.713:ERROR:process_reader_win.cc(151)] SuspendThread: 存取被拒。 (0x5)
[1130/135226.714:ERROR:process_reader_win.cc(151)] SuspendThread: 存取被拒。 (0x5)
[1130/135226.715:ERROR:process_reader_win.cc(151)] SuspendThread: 存取被拒。 (0x5)
[1130/135226.715:ERROR:process_reader_win.cc(151)] SuspendThread: 存取被拒。 (0x5)
[1130/135226.715:ERROR:process_reader_win.cc(151)] SuspendThread: 存取被拒。 (0x5)
[1130/135226.715:ERROR:process_reader_win.cc(151)] SuspendThread: 存取被拒。 (0x5)
[1130/135226.716:ERROR:process_reader_win.cc(151)] SuspendThread: 存取被拒。 (0x5)
[1130/135226.716:ERROR:process_reader_win.cc(123)] NtOpenThread: {拒絕存取} 程序已請求存取一物件，但未被授與存取權。 (0xc0000022)
[1130/135226.716:ERROR:exception_snapshot_win.cc(99)] thread ID 13552 not found in process
[1130/135226.716:ERROR:process_reader_win.cc(151)] SuspendThread: 存取被拒。 (0x5)
[1130/135226.716:ERROR:process_reader_win.cc(151)] SuspendThread: 存取被拒。 (0x5)
[1130/135226.716:ERROR:process_reader_win.cc(151)] SuspendThread: 存取被拒。 (0x5)
[1130/135226.718:ERROR:process_reader_win.cc(151)] SuspendThread: 存取被拒。 (0x5)
[1130/135226.718:ERROR:process_reader_win.cc(151)] SuspendThread: 存取被拒。 (0x5)
[1130/135226.718:ERROR:process_reader_win.cc(151)] SuspendThread: 存取被拒。 (0x5)
[1130/135226.719:ERROR:process_reader_win.cc(151)] SuspendThread: 存取被拒。 (0x5)
[1130/135226.719:ERROR:process_reader_win.cc(151)] SuspendThread: 存取被拒。 (0x5)
[1130/135226.719:ERROR:process_reader_win.cc(151)] SuspendThread: 存取被拒。 (0x5)
[1130/135226.720:ERROR:process_reader_win.cc(151)] SuspendThread: 存取被拒。 (0x5)
[1130/135226.720:ERROR:process_reader_win.cc(151)] SuspendThread: 存取被拒。 (0x5)
[1130/135226.721:ERROR:process_reader_win.cc(151)] SuspendThread: 存取被拒。 (0x5)
[1130/135226.721:ERROR:process_reader_win.cc(123)] NtOpenThread: {拒絕存取} 程序已請求存取一物件，但未被授與存取權。 (0xc0000022)
[1130/135226.721:ERROR:exception_snapshot_win.cc(99)] thread ID 22084 not found in process
[1130/135226.722:ERROR:process_reader_win.cc(151)] SuspendThread: 存取被拒。 (0x5)
[1130/135226.722:ERROR:process_reader_win.cc(151)] SuspendThread: 存取被拒。 (0x5)
[1130/135226.723:ERROR:process_reader_win.cc(151)] SuspendThread: 存取被拒。 (0x5)
[1130/135226.723:ERROR:process_reader_win.cc(151)] SuspendThread: 存取被拒。 (0x5)
[1130/135226.724:ERROR:process_reader_win.cc(151)] SuspendThread: 存取被拒。 (0x5)
[1130/135226.725:ERROR:process_reader_win.cc(151)] SuspendThread: 存取被拒。 (0x5)
[1130/135226.726:ERROR:process_reader_win.cc(151)] SuspendThread: 存取被拒。 (0x5)
[1130/135226.726:ERROR:process_reader_win.cc(151)] SuspendThread: 存取被拒。 (0x5)
[1130/135226.727:ERROR:process_reader_win.cc(151)] SuspendThread: 存取被拒。 (0x5)
[1130/135226.728:ERROR:process_reader_win.cc(151)] SuspendThread: 存取被拒。 (0x5)
[1130/135226.728:ERROR:process_reader_win.cc(151)] SuspendThread: 存取被拒。 (0x5)
[1130/135226.729:ERROR:process_reader_win.cc(151)] SuspendThread: 存取被拒。 (0x5)
[1130/135226.729:ERROR:process_reader_win.cc(151)] SuspendThread: 存取被拒。 (0x5)
[1130/135226.729:ERROR:process_reader_win.cc(151)] SuspendThread: 存取被拒。 (0x5)
[1130/135226.730:ERROR:process_reader_win.cc(151)] SuspendThread: 存取被拒。 (0x5)
[1130/135226.731:ERROR:process_reader_win.cc(151)] SuspendThread: 存取被拒。 (0x5)
[1130/135226.731:ERROR:process_reader_win.cc(151)] SuspendThread: 存取被拒。 (0x5)
[1130/135226.732:ERROR:process_reader_win.cc(151)] SuspendThread: 存取被拒。 (0x5)
[1130/135226.732:ERROR:process_reader_win.cc(151)] SuspendThread: 存取被拒。 (0x5)
[1130/135226.734:ERROR:process_reader_win.cc(151)] SuspendThread: 存取被拒。 (0x5)
[1130/135226.734:ERROR:process_reader_win.cc(151)] SuspendThread: 存取被拒。 (0x5)
[1130/135226.735:ERROR:process_reader_win.cc(151)] SuspendThread: 存取被拒。 (0x5)
[1130/135226.736:ERROR:process_reader_win.cc(151)] SuspendThread: 存取被拒。 (0x5)
[1130/135226.737:ERROR:process_reader_win.cc(151)] SuspendThread: 存取被拒。 (0x5)
[1130/135226.737:ERROR:process_reader_win.cc(123)] NtOpenThread: {拒絕存取} 程序已請求存取一物件，但未被授與存取權。 (0xc0000022)
[1130/135226.737:ERROR:exception_snapshot_win.cc(99)] thread ID 22928 not found in process
[1130/135226.737:ERROR:process_reader_win.cc(151)] SuspendThread: 存取被拒。 (0x5)
[1130/135226.739:ERROR:process_reader_win.cc(151)] SuspendThread: 存取被拒。 (0x5)
[1130/135226.740:ERROR:process_reader_win.cc(151)] SuspendThread: 存取被拒。 (0x5)
[1130/135226.740:ERROR:process_reader_win.cc(123)] NtOpenThread: {拒絕存取} 程序已請求存取一物件，但未被授與存取權。 (0xc0000022)
[1130/135226.740:ERROR:exception_snapshot_win.cc(99)] thread ID 23816 not found in process
[1130/135627.530:ERROR:process_reader_win.cc(151)] SuspendThread: 存取被拒。 (0x5)
[1130/135627.540:ERROR:process_reader_win.cc(151)] SuspendThread: 存取被拒。 (0x5)
[1130/135627.542:ERROR:process_reader_win.cc(151)] SuspendThread: 存取被拒。 (0x5)
[1130/135627.544:ERROR:process_reader_win.cc(151)] SuspendThread: 存取被拒。 (0x5)
[1130/135627.546:ERROR:process_reader_win.cc(151)] SuspendThread: 存取被拒。 (0x5)
[1130/135627.547:ERROR:process_reader_win.cc(151)] SuspendThread: 存取被拒。 (0x5)
[1130/135627.549:ERROR:process_reader_win.cc(151)] SuspendThread: 存取被拒。 (0x5)
[1130/135627.549:ERROR:process_reader_win.cc(151)] SuspendThread: 存取被拒。 (0x5)
[1130/135627.558:ERROR:process_reader_win.cc(151)] SuspendThread: 存取被拒。 (0x5)
[1130/135627.560:ERROR:process_reader_win.cc(151)] SuspendThread: 存取被拒。 (0x5)
[1130/135627.562:ERROR:process_reader_win.cc(151)] SuspendThread: 存取被拒。 (0x5)
[1130/135627.564:ERROR:process_reader_win.cc(151)] SuspendThread: 存取被拒。 (0x5)
[1130/135627.531:ERROR:process_reader_win.cc(123)] NtOpenThread: {拒絕存取} 程序已請求存取一物件，但未被授與存取權。 (0xc0000022)
[1130/135627.578:ERROR:exception_snapshot_win.cc(99)] thread ID 22060 not found in process
[1130/135627.583:ERROR:process_reader_win.cc(151)] SuspendThread: 存取被拒。 (0x5)
[1130/135627.598:ERROR:process_reader_win.cc(151)] SuspendThread: 存取被拒。 (0x5)
[1130/135627.600:ERROR:process_reader_win.cc(151)] SuspendThread: 存取被拒。 (0x5)
[1130/135627.600:ERROR:process_reader_win.cc(151)] SuspendThread: 存取被拒。 (0x5)
[1130/135627.602:ERROR:process_reader_win.cc(151)] SuspendThread: 存取被拒。 (0x5)
[1130/135627.602:ERROR:process_reader_win.cc(151)] SuspendThread: 存取被拒。 (0x5)
[1130/135627.602:ERROR:process_reader_win.cc(151)] SuspendThread: 存取被拒。 (0x5)
[1130/135627.603:ERROR:process_reader_win.cc(151)] SuspendThread: 存取被拒。 (0x5)
[1130/135627.603:ERROR:process_reader_win.cc(151)] SuspendThread: 存取被拒。 (0x5)
[1130/135627.604:ERROR:process_reader_win.cc(151)] SuspendThread: 存取被拒。 (0x5)
[1130/135627.542:ERROR:process_reader_win.cc(123)] NtOpenThread: {拒絕存取} 程序已請求存取一物件，但未被授與存取權。 (0xc0000022)
[1130/135627.604:ERROR:exception_snapshot_win.cc(99)] thread ID 22640 not found in process
[1130/135627.604:ERROR:process_reader_win.cc(151)] SuspendThread: 存取被拒。 (0x5)
[1130/135627.605:ERROR:process_reader_win.cc(151)] SuspendThread: 存取被拒。 (0x5)
[1130/135627.528:ERROR:process_reader_win.cc(123)] NtOpenThread: {拒絕存取} 程序已請求存取一物件，但未被授與存取權。 (0xc0000022)
[1130/135627.613:ERROR:exception_snapshot_win.cc(99)] thread ID 23480 not found in process
[1130/135627.615:ERROR:process_reader_win.cc(151)] SuspendThread: 存取被拒。 (0x5)
[1130/135627.616:ERROR:process_reader_win.cc(151)] SuspendThread: 存取被拒。 (0x5)
[1130/135627.616:ERROR:process_reader_win.cc(151)] SuspendThread: 存取被拒。 (0x5)
[1130/135627.569:ERROR:process_reader_win.cc(151)] SuspendThread: 存取被拒。 (0x5)
[1130/135627.617:ERROR:process_reader_win.cc(151)] SuspendThread: 存取被拒。 (0x5)
[1130/135627.618:ERROR:process_reader_win.cc(151)] SuspendThread: 存取被拒。 (0x5)
[1130/135627.618:ERROR:process_reader_win.cc(151)] SuspendThread: 存取被拒。 (0x5)
[1130/135627.619:ERROR:process_reader_win.cc(151)] SuspendThread: 存取被拒。 (0x5)
[1130/135627.619:ERROR:process_reader_win.cc(151)] SuspendThread: 存取被拒。 (0x5)
[1130/135627.619:ERROR:process_reader_win.cc(151)] SuspendThread: 存取被拒。 (0x5)
[1130/135627.620:ERROR:process_reader_win.cc(151)] SuspendThread: 存取被拒。 (0x5)
[1130/135627.617:ERROR:process_reader_win.cc(123)] NtOpenThread: {拒絕存取} 程序已請求存取一物件，但未被授與存取權。 (0xc0000022)
[1130/135627.620:ERROR:exception_snapshot_win.cc(99)] thread ID 22272 not found in process
[1130/135627.622:ERROR:process_reader_win.cc(151)] SuspendThread: 存取被拒。 (0x5)
[1130/135627.622:ERROR:process_reader_win.cc(123)] NtOpenThread: {拒絕存取} 程序已請求存取一物件，但未被授與存取權。 (0xc0000022)
[1130/135627.605:ERROR:process_reader_win.cc(123)] NtOpenThread: {拒絕存取} 程序已請求存取一物件，但未被授與存取權。 (0xc0000022)
[1130/135627.622:ERROR:exception_snapshot_win.cc(99)] thread ID 21240 not found in process
[1130/135627.622:ERROR:exception_snapshot_win.cc(99)] thread ID 25604 not found in process
[1130/135627.622:ERROR:process_reader_win.cc(151)] SuspendThread: 存取被拒。 (0x5)
[1130/135627.623:ERROR:process_reader_win.cc(151)] SuspendThread: 存取被拒。 (0x5)
[1130/135627.531:ERROR:process_reader_win.cc(151)] SuspendThread: 存取被拒。 (0x5)
[1130/135627.523:ERROR:process_reader_win.cc(123)] NtOpenThread: {拒絕存取} 程序已請求存取一物件，但未被授與存取權。 (0xc0000022)
[1130/135627.624:ERROR:exception_snapshot_win.cc(99)] thread ID 23268 not found in process
[1130/135627.625:ERROR:process_reader_win.cc(151)] SuspendThread: 存取被拒。 (0x5)
[1130/135627.625:ERROR:process_reader_win.cc(123)] NtOpenThread: {拒絕存取} 程序已請求存取一物件，但未被授與存取權。 (0xc0000022)
[1130/135627.625:ERROR:process_reader_win.cc(151)] SuspendThread: 存取被拒。 (0x5)
[1130/135627.625:ERROR:process_reader_win.cc(151)] SuspendThread: 存取被拒。 (0x5)
[1130/135627.625:ERROR:process_reader_win.cc(123)] NtOpenThread: {拒絕存取} 程序已請求存取一物件，但未被授與存取權。 (0xc0000022)
[1130/135627.625:ERROR:process_reader_win.cc(151)] SuspendThread: 存取被拒。 (0x5)
[1130/135627.625:ERROR:exception_snapshot_win.cc(99)] thread ID 24000 not found in process
[1130/135627.625:ERROR:exception_snapshot_win.cc(99)] thread ID 6060 not found in process
[1130/135627.625:ERROR:process_reader_win.cc(151)] SuspendThread: 存取被拒。 (0x5)
[1130/135627.626:ERROR:process_reader_win.cc(151)] SuspendThread: 存取被拒。 (0x5)
[1130/135627.626:ERROR:process_reader_win.cc(151)] SuspendThread: 存取被拒。 (0x5)
[1130/135627.627:ERROR:process_reader_win.cc(151)] SuspendThread: 存取被拒。 (0x5)
[1130/135627.617:ERROR:process_reader_win.cc(151)] SuspendThread: 存取被拒。 (0x5)
[1130/135627.628:ERROR:process_reader_win.cc(151)] SuspendThread: 存取被拒。 (0x5)
[1130/135627.628:ERROR:process_reader_win.cc(151)] SuspendThread: 存取被拒。 (0x5)
[1130/135627.628:ERROR:process_reader_win.cc(151)] SuspendThread: 存取被拒。 (0x5)
[1130/135627.620:ERROR:process_reader_win.cc(123)] NtOpenThread: {拒絕存取} 程序已請求存取一物件，但未被授與存取權。 (0xc0000022)
[1130/135627.629:ERROR:exception_snapshot_win.cc(99)] thread ID 25612 not found in process
[1130/135627.629:ERROR:process_reader_win.cc(151)] SuspendThread: 存取被拒。 (0x5)
[1130/135627.629:ERROR:process_reader_win.cc(151)] SuspendThread: 存取被拒。 (0x5)
[1130/135627.629:ERROR:process_reader_win.cc(151)] SuspendThread: 存取被拒。 (0x5)
[1130/135627.629:ERROR:process_reader_win.cc(123)] NtOpenThread: {拒絕存取} 程序已請求存取一物件，但未被授與存取權。 (0xc0000022)
[1130/135627.629:ERROR:exception_snapshot_win.cc(99)] thread ID 25636 not found in process
[1130/135627.630:ERROR:process_reader_win.cc(151)] SuspendThread: 存取被拒。 (0x5)
[1130/135627.630:ERROR:process_reader_win.cc(151)] SuspendThread: 存取被拒。 (0x5)
[1130/135627.631:ERROR:process_reader_win.cc(151)] SuspendThread: 存取被拒。 (0x5)
[1130/135627.631:ERROR:process_reader_win.cc(151)] SuspendThread: 存取被拒。 (0x5)
[1130/135627.631:ERROR:process_reader_win.cc(151)] SuspendThread: 存取被拒。 (0x5)
[1130/135627.632:ERROR:process_reader_win.cc(151)] SuspendThread: 存取被拒。 (0x5)
[1130/135627.632:ERROR:process_reader_win.cc(151)] SuspendThread: 存取被拒。 (0x5)
[1130/135627.632:ERROR:process_reader_win.cc(151)] SuspendThread: 存取被拒。 (0x5)
[1130/135627.632:ERROR:process_reader_win.cc(151)] SuspendThread: 存取被拒。 (0x5)
[1130/135627.633:ERROR:process_reader_win.cc(151)] SuspendThread: 存取被拒。 (0x5)
[1130/135627.633:ERROR:process_reader_win.cc(151)] SuspendThread: 存取被拒。 (0x5)
[1130/135627.633:ERROR:process_reader_win.cc(151)] SuspendThread: 存取被拒。 (0x5)
[1130/135627.633:ERROR:process_reader_win.cc(151)] SuspendThread: 存取被拒。 (0x5)
[1130/135627.633:ERROR:process_reader_win.cc(123)] NtOpenThread: {拒絕存取} 程序已請求存取一物件，但未被授與存取權。 (0xc0000022)
[1130/135627.633:ERROR:process_reader_win.cc(151)] SuspendThread: 存取被拒。 (0x5)
[1130/135627.633:ERROR:exception_snapshot_win.cc(99)] thread ID 16644 not found in process
[1130/135627.634:ERROR:process_reader_win.cc(151)] SuspendThread: 存取被拒。 (0x5)
[1130/135627.634:ERROR:process_reader_win.cc(151)] SuspendThread: 存取被拒。 (0x5)
[1130/135627.634:ERROR:process_reader_win.cc(151)] SuspendThread: 存取被拒。 (0x5)
[1130/135627.635:ERROR:process_reader_win.cc(151)] SuspendThread: 存取被拒。 (0x5)
[1130/135627.635:ERROR:process_reader_win.cc(151)] SuspendThread: 存取被拒。 (0x5)
[1130/135627.635:ERROR:process_reader_win.cc(151)] SuspendThread: 存取被拒。 (0x5)
[1130/135627.635:ERROR:process_reader_win.cc(123)] NtOpenThread: {拒絕存取} 程序已請求存取一物件，但未被授與存取權。 (0xc0000022)
[1130/135627.635:ERROR:exception_snapshot_win.cc(99)] thread ID 25628 not found in process
[1130/135627.635:ERROR:process_reader_win.cc(151)] SuspendThread: 存取被拒。 (0x5)
[1130/135627.636:ERROR:process_reader_win.cc(151)] SuspendThread: 存取被拒。 (0x5)
[1130/135627.636:ERROR:process_reader_win.cc(151)] SuspendThread: 存取被拒。 (0x5)
[1130/135627.636:ERROR:process_reader_win.cc(151)] SuspendThread: 存取被拒。 (0x5)
[1130/135627.636:ERROR:process_reader_win.cc(151)] SuspendThread: 存取被拒。 (0x5)
[1130/135627.636:ERROR:process_reader_win.cc(151)] SuspendThread: 存取被拒。 (0x5)
[1130/135627.636:ERROR:process_reader_win.cc(151)] SuspendThread: 存取被拒。 (0x5)
[1130/135627.637:ERROR:process_reader_win.cc(151)] SuspendThread: 存取被拒。 (0x5)
[1130/135627.637:ERROR:process_reader_win.cc(123)] NtOpenThread: {拒絕存取} 程序已請求存取一物件，但未被授與存取權。 (0xc0000022)
[1130/135627.637:ERROR:exception_snapshot_win.cc(99)] thread ID 25608 not found in process
[1130/135627.637:ERROR:process_reader_win.cc(151)] SuspendThread: 存取被拒。 (0x5)
[1130/135627.637:ERROR:process_reader_win.cc(151)] SuspendThread: 存取被拒。 (0x5)
[1130/135627.638:ERROR:process_reader_win.cc(151)] SuspendThread: 存取被拒。 (0x5)
[1130/135627.639:ERROR:process_reader_win.cc(151)] SuspendThread: 存取被拒。 (0x5)
[1130/135627.639:ERROR:process_reader_win.cc(151)] SuspendThread: 存取被拒。 (0x5)
[1130/135627.639:ERROR:process_reader_win.cc(123)] NtOpenThread: {拒絕存取} 程序已請求存取一物件，但未被授與存取權。 (0xc0000022)
[1130/135627.639:ERROR:exception_snapshot_win.cc(99)] thread ID 1252 not found in process
[1130/135627.639:ERROR:process_reader_win.cc(151)] SuspendThread: 存取被拒。 (0x5)
[1130/135627.639:ERROR:process_reader_win.cc(151)] SuspendThread: 存取被拒。 (0x5)
[1130/135627.640:ERROR:process_reader_win.cc(151)] SuspendThread: 存取被拒。 (0x5)
[1130/135627.640:ERROR:process_reader_win.cc(151)] SuspendThread: 存取被拒。 (0x5)
[1130/135627.641:ERROR:process_reader_win.cc(151)] SuspendThread: 存取被拒。 (0x5)
[1130/135627.641:ERROR:process_reader_win.cc(151)] SuspendThread: 存取被拒。 (0x5)
[1130/135627.641:ERROR:process_reader_win.cc(151)] SuspendThread: 存取被拒。 (0x5)
[1130/135627.641:ERROR:process_reader_win.cc(151)] SuspendThread: 存取被拒。 (0x5)
[1130/135627.642:ERROR:process_reader_win.cc(151)] SuspendThread: 存取被拒。 (0x5)
[1130/135627.642:ERROR:process_reader_win.cc(151)] SuspendThread: 存取被拒。 (0x5)
[1130/135627.642:ERROR:process_reader_win.cc(123)] NtOpenThread: {拒絕存取} 程序已請求存取一物件，但未被授與存取權。 (0xc0000022)
[1130/135627.642:ERROR:exception_snapshot_win.cc(99)] thread ID 25632 not found in process
[1130/135627.642:ERROR:process_reader_win.cc(151)] SuspendThread: 存取被拒。 (0x5)
[1130/135627.642:ERROR:process_reader_win.cc(123)] NtOpenThread: {拒絕存取} 程序已請求存取一物件，但未被授與存取權。 (0xc0000022)
[1130/135627.643:ERROR:exception_snapshot_win.cc(99)] thread ID 8748 not found in process
[1130/135627.643:ERROR:process_reader_win.cc(151)] SuspendThread: 存取被拒。 (0x5)
[1130/135627.643:ERROR:process_reader_win.cc(151)] SuspendThread: 存取被拒。 (0x5)
[1130/135627.643:ERROR:process_reader_win.cc(123)] NtOpenThread: {拒絕存取} 程序已請求存取一物件，但未被授與存取權。 (0xc0000022)
[1130/135627.643:ERROR:exception_snapshot_win.cc(99)] thread ID 2104 not found in process
[1130/135627.644:ERROR:process_reader_win.cc(151)] SuspendThread: 存取被拒。 (0x5)
[1130/135627.645:ERROR:process_reader_win.cc(151)] SuspendThread: 存取被拒。 (0x5)
[1130/135627.645:ERROR:process_reader_win.cc(123)] NtOpenThread: {拒絕存取} 程序已請求存取一物件，但未被授與存取權。 (0xc0000022)
[1130/135627.645:ERROR:exception_snapshot_win.cc(99)] thread ID 21044 not found in process
[1130/135627.648:ERROR:process_reader_win.cc(151)] SuspendThread: 存取被拒。 (0x5)
[1130/135627.650:ERROR:process_reader_win.cc(151)] SuspendThread: 存取被拒。 (0x5)
[1130/135627.651:ERROR:process_reader_win.cc(151)] SuspendThread: 存取被拒。 (0x5)
[1130/135627.651:ERROR:process_reader_win.cc(151)] SuspendThread: 存取被拒。 (0x5)
[1130/135627.653:ERROR:process_reader_win.cc(151)] SuspendThread: 存取被拒。 (0x5)
[1130/135627.653:ERROR:process_reader_win.cc(151)] SuspendThread: 存取被拒。 (0x5)
[1130/135627.654:ERROR:process_reader_win.cc(151)] SuspendThread: 存取被拒。 (0x5)
[1130/135627.654:ERROR:process_reader_win.cc(151)] SuspendThread: 存取被拒。 (0x5)
[1130/135627.655:ERROR:process_reader_win.cc(151)] SuspendThread: 存取被拒。 (0x5)
[1130/135627.656:ERROR:process_reader_win.cc(151)] SuspendThread: 存取被拒。 (0x5)
[1130/135627.657:ERROR:process_reader_win.cc(151)] SuspendThread: 存取被拒。 (0x5)
[1130/135627.657:ERROR:process_reader_win.cc(151)] SuspendThread: 存取被拒。 (0x5)
[1130/135627.658:ERROR:process_reader_win.cc(151)] SuspendThread: 存取被拒。 (0x5)
[1130/135627.658:ERROR:process_reader_win.cc(151)] SuspendThread: 存取被拒。 (0x5)
[1130/135627.659:ERROR:process_reader_win.cc(151)] SuspendThread: 存取被拒。 (0x5)
[1130/135627.659:ERROR:process_reader_win.cc(151)] SuspendThread: 存取被拒。 (0x5)
[1130/135627.660:ERROR:process_reader_win.cc(151)] SuspendThread: 存取被拒。 (0x5)
[1130/135627.661:ERROR:process_reader_win.cc(151)] SuspendThread: 存取被拒。 (0x5)
[1130/135627.662:ERROR:process_reader_win.cc(151)] SuspendThread: 存取被拒。 (0x5)
[1130/135627.662:ERROR:process_reader_win.cc(151)] SuspendThread: 存取被拒。 (0x5)
[1130/135627.663:ERROR:process_reader_win.cc(151)] SuspendThread: 存取被拒。 (0x5)
[1130/135627.664:ERROR:process_reader_win.cc(151)] SuspendThread: 存取被拒。 (0x5)
[1130/135627.665:ERROR:process_reader_win.cc(151)] SuspendThread: 存取被拒。 (0x5)
[1130/135627.665:ERROR:process_reader_win.cc(151)] SuspendThread: 存取被拒。 (0x5)
[1130/135627.666:ERROR:process_reader_win.cc(151)] SuspendThread: 存取被拒。 (0x5)
[1130/135627.666:ERROR:process_reader_win.cc(151)] SuspendThread: 存取被拒。 (0x5)
[1130/135627.667:ERROR:process_reader_win.cc(151)] SuspendThread: 存取被拒。 (0x5)
[1130/135627.667:ERROR:process_reader_win.cc(151)] SuspendThread: 存取被拒。 (0x5)
[1130/135627.667:ERROR:process_reader_win.cc(151)] SuspendThread: 存取被拒。 (0x5)
[1130/135627.668:ERROR:process_reader_win.cc(151)] SuspendThread: 存取被拒。 (0x5)
[1130/135627.668:ERROR:process_reader_win.cc(151)] SuspendThread: 存取被拒。 (0x5)
[1130/135627.668:ERROR:process_reader_win.cc(151)] SuspendThread: 存取被拒。 (0x5)
[1130/135627.669:ERROR:process_reader_win.cc(151)] SuspendThread: 存取被拒。 (0x5)
[1130/135627.670:ERROR:process_reader_win.cc(151)] SuspendThread: 存取被拒。 (0x5)
[1130/135627.670:ERROR:process_reader_win.cc(151)] SuspendThread: 存取被拒。 (0x5)
[1130/135627.670:ERROR:process_reader_win.cc(151)] SuspendThread: 存取被拒。 (0x5)
[1130/135627.670:ERROR:process_reader_win.cc(151)] SuspendThread: 存取被拒。 (0x5)
[1130/135627.670:ERROR:process_reader_win.cc(123)] NtOpenThread: {拒絕存取} 程序已請求存取一物件，但未被授與存取權。 (0xc0000022)
[1130/135627.670:ERROR:process_reader_win.cc(151)] SuspendThread: 存取被拒。 (0x5)
[1130/135627.670:ERROR:exception_snapshot_win.cc(99)] thread ID 8692 not found in process
[1130/135627.671:ERROR:process_reader_win.cc(151)] SuspendThread: 存取被拒。 (0x5)
[1130/135627.671:ERROR:process_reader_win.cc(151)] SuspendThread: 存取被拒。 (0x5)
[1130/135627.671:ERROR:process_reader_win.cc(151)] SuspendThread: 存取被拒。 (0x5)
[1130/135627.672:ERROR:process_reader_win.cc(151)] SuspendThread: 存取被拒。 (0x5)
[1130/135627.672:ERROR:process_reader_win.cc(151)] SuspendThread: 存取被拒。 (0x5)
[1130/135627.672:ERROR:process_reader_win.cc(151)] SuspendThread: 存取被拒。 (0x5)
[1130/135627.673:ERROR:process_reader_win.cc(151)] SuspendThread: 存取被拒。 (0x5)
[1130/135627.673:ERROR:process_reader_win.cc(151)] SuspendThread: 存取被拒。 (0x5)
[1130/135627.673:ERROR:process_reader_win.cc(123)] NtOpenThread: {拒絕存取} 程序已請求存取一物件，但未被授與存取權。 (0xc0000022)
[1130/135627.673:ERROR:exception_snapshot_win.cc(99)] thread ID 25448 not found in process
[1130/135627.673:ERROR:process_reader_win.cc(151)] SuspendThread: 存取被拒。 (0x5)
[1130/135627.674:ERROR:process_reader_win.cc(151)] SuspendThread: 存取被拒。 (0x5)
[1130/135627.674:ERROR:process_reader_win.cc(151)] SuspendThread: 存取被拒。 (0x5)
[1130/135627.674:ERROR:process_reader_win.cc(151)] SuspendThread: 存取被拒。 (0x5)
[1130/135627.675:ERROR:process_reader_win.cc(151)] SuspendThread: 存取被拒。 (0x5)
[1130/135627.675:ERROR:process_reader_win.cc(151)] SuspendThread: 存取被拒。 (0x5)
[1130/135627.676:ERROR:process_reader_win.cc(151)] SuspendThread: 存取被拒。 (0x5)
[1130/135627.676:ERROR:process_reader_win.cc(151)] SuspendThread: 存取被拒。 (0x5)
[1130/135627.676:ERROR:process_reader_win.cc(151)] SuspendThread: 存取被拒。 (0x5)
[1130/135627.677:ERROR:process_reader_win.cc(151)] SuspendThread: 存取被拒。 (0x5)
[1130/135627.677:ERROR:process_reader_win.cc(151)] SuspendThread: 存取被拒。 (0x5)
[1130/135627.678:ERROR:process_reader_win.cc(151)] SuspendThread: 存取被拒。 (0x5)
[1130/135627.678:ERROR:process_reader_win.cc(151)] SuspendThread: 存取被拒。 (0x5)
[1130/135627.679:ERROR:process_reader_win.cc(151)] SuspendThread: 存取被拒。 (0x5)
[1130/135627.679:ERROR:process_reader_win.cc(123)] NtOpenThread: {拒絕存取} 程序已請求存取一物件，但未被授與存取權。 (0xc0000022)
[1130/135627.679:ERROR:exception_snapshot_win.cc(99)] thread ID 25620 not found in process
[1130/135627.679:ERROR:process_reader_win.cc(151)] SuspendThread: 存取被拒。 (0x5)
[1130/135627.682:ERROR:process_reader_win.cc(151)] SuspendThread: 存取被拒。 (0x5)
[1130/135627.680:ERROR:process_reader_win.cc(151)] SuspendThread: 存取被拒。 (0x5)
[1130/135627.683:ERROR:process_reader_win.cc(151)] SuspendThread: 存取被拒。 (0x5)
[1130/135627.685:ERROR:process_reader_win.cc(151)] SuspendThread: 存取被拒。 (0x5)
[1130/135627.685:ERROR:process_reader_win.cc(151)] SuspendThread: 存取被拒。 (0x5)
[1130/135627.685:ERROR:process_reader_win.cc(151)] SuspendThread: 存取被拒。 (0x5)
[1130/135627.686:ERROR:process_reader_win.cc(151)] SuspendThread: 存取被拒。 (0x5)
[1130/135627.687:ERROR:process_reader_win.cc(151)] SuspendThread: 存取被拒。 (0x5)
[1130/135627.687:ERROR:process_reader_win.cc(151)] SuspendThread: 存取被拒。 (0x5)
[1130/135627.688:ERROR:process_reader_win.cc(151)] SuspendThread: 存取被拒。 (0x5)
[1130/135627.688:ERROR:process_reader_win.cc(151)] SuspendThread: 存取被拒。 (0x5)
[1130/135627.689:ERROR:process_reader_win.cc(151)] SuspendThread: 存取被拒。 (0x5)
[1130/135627.690:ERROR:process_reader_win.cc(151)] SuspendThread: 存取被拒。 (0x5)
[1130/135627.690:ERROR:process_reader_win.cc(151)] SuspendThread: 存取被拒。 (0x5)
[1130/135627.691:ERROR:process_reader_win.cc(151)] SuspendThread: 存取被拒。 (0x5)
[1130/135627.691:ERROR:process_reader_win.cc(151)] SuspendThread: 存取被拒。 (0x5)
[1130/135627.691:ERROR:process_reader_win.cc(151)] SuspendThread: 存取被拒。 (0x5)
[1130/135627.692:ERROR:process_reader_win.cc(151)] SuspendThread: 存取被拒。 (0x5)
[1130/135627.693:ERROR:process_reader_win.cc(151)] SuspendThread: 存取被拒。 (0x5)
[1130/135627.693:ERROR:process_reader_win.cc(151)] SuspendThread: 存取被拒。 (0x5)
[1130/135627.694:ERROR:process_reader_win.cc(151)] SuspendThread: 存取被拒。 (0x5)
[1130/135627.694:ERROR:process_reader_win.cc(151)] SuspendThread: 存取被拒。 (0x5)
[1130/135627.695:ERROR:process_reader_win.cc(151)] SuspendThread: 存取被拒。 (0x5)
[1130/135627.695:ERROR:process_reader_win.cc(151)] SuspendThread: 存取被拒。 (0x5)
[1130/135627.696:ERROR:process_reader_win.cc(151)] SuspendThread: 存取被拒。 (0x5)
[1130/135627.697:ERROR:process_reader_win.cc(151)] SuspendThread: 存取被拒。 (0x5)
[1130/135627.697:ERROR:process_reader_win.cc(151)] SuspendThread: 存取被拒。 (0x5)
[1130/135627.698:ERROR:process_reader_win.cc(151)] SuspendThread: 存取被拒。 (0x5)
[1130/135627.699:ERROR:process_reader_win.cc(151)] SuspendThread: 存取被拒。 (0x5)
[1130/135627.699:ERROR:process_reader_win.cc(151)] SuspendThread: 存取被拒。 (0x5)
[1130/135627.699:ERROR:process_reader_win.cc(151)] SuspendThread: 存取被拒。 (0x5)
[1130/135627.700:ERROR:process_reader_win.cc(151)] SuspendThread: 存取被拒。 (0x5)
[1130/135627.701:ERROR:process_reader_win.cc(151)] SuspendThread: 存取被拒。 (0x5)
[1130/135627.701:ERROR:process_reader_win.cc(151)] SuspendThread: 存取被拒。 (0x5)
[1130/135627.701:ERROR:process_reader_win.cc(151)] SuspendThread: 存取被拒。 (0x5)
[1130/135627.701:ERROR:process_reader_win.cc(151)] SuspendThread: 存取被拒。 (0x5)
[1130/135627.702:ERROR:process_reader_win.cc(151)] SuspendThread: 存取被拒。 (0x5)
[1130/135627.702:ERROR:process_reader_win.cc(151)] SuspendThread: 存取被拒。 (0x5)
[1130/135627.702:ERROR:process_reader_win.cc(151)] SuspendThread: 存取被拒。 (0x5)
[1130/135627.702:ERROR:process_reader_win.cc(151)] SuspendThread: 存取被拒。 (0x5)
[1130/135627.702:ERROR:process_reader_win.cc(151)] SuspendThread: 存取被拒。 (0x5)
[1130/135627.703:ERROR:process_reader_win.cc(151)] SuspendThread: 存取被拒。 (0x5)
[1130/135627.703:ERROR:process_reader_win.cc(151)] SuspendThread: 存取被拒。 (0x5)
[1130/135627.704:ERROR:process_reader_win.cc(151)] SuspendThread: 存取被拒。 (0x5)
[1130/135627.704:ERROR:process_reader_win.cc(151)] SuspendThread: 存取被拒。 (0x5)
[1130/135627.704:ERROR:process_reader_win.cc(151)] SuspendThread: 存取被拒。 (0x5)
[1130/135627.704:ERROR:process_reader_win.cc(151)] SuspendThread: 存取被拒。 (0x5)
[1130/135627.705:ERROR:process_reader_win.cc(151)] SuspendThread: 存取被拒。 (0x5)
[1130/135627.705:ERROR:process_reader_win.cc(151)] SuspendThread: 存取被拒。 (0x5)
[1130/135627.705:ERROR:process_reader_win.cc(151)] SuspendThread: 存取被拒。 (0x5)
[1130/135627.706:ERROR:process_reader_win.cc(151)] SuspendThread: 存取被拒。 (0x5)
[1130/135627.706:ERROR:process_reader_win.cc(151)] SuspendThread: 存取被拒。 (0x5)
[1130/135627.706:ERROR:process_reader_win.cc(151)] SuspendThread: 存取被拒。 (0x5)
[1130/135627.707:ERROR:process_reader_win.cc(151)] SuspendThread: 存取被拒。 (0x5)
[1130/135627.707:ERROR:process_reader_win.cc(151)] SuspendThread: 存取被拒。 (0x5)
[1130/135627.707:ERROR:process_reader_win.cc(151)] SuspendThread: 存取被拒。 (0x5)
[1130/135627.707:ERROR:process_reader_win.cc(151)] SuspendThread: 存取被拒。 (0x5)
[1130/135627.707:ERROR:process_reader_win.cc(151)] SuspendThread: 存取被拒。 (0x5)
[1130/135627.707:ERROR:process_reader_win.cc(123)] NtOpenThread: {拒絕存取} 程序已請求存取一物件，但未被授與存取權。 (0xc0000022)
[1130/135627.708:ERROR:exception_snapshot_win.cc(99)] thread ID 13092 not found in process
[1130/135627.708:ERROR:process_reader_win.cc(151)] SuspendThread: 存取被拒。 (0x5)
[1130/135627.708:ERROR:process_reader_win.cc(123)] NtOpenThread: {拒絕存取} 程序已請求存取一物件，但未被授與存取權。 (0xc0000022)
[1130/135627.708:ERROR:exception_snapshot_win.cc(99)] thread ID 25624 not found in process
[1130/135627.709:ERROR:process_reader_win.cc(151)] SuspendThread: 存取被拒。 (0x5)
[1130/135627.709:ERROR:process_reader_win.cc(151)] SuspendThread: 存取被拒。 (0x5)
[1130/135627.709:ERROR:process_reader_win.cc(151)] SuspendThread: 存取被拒。 (0x5)
[1130/135627.710:ERROR:process_reader_win.cc(151)] SuspendThread: 存取被拒。 (0x5)
[1130/135627.710:ERROR:process_reader_win.cc(151)] SuspendThread: 存取被拒。 (0x5)
[1130/135627.710:ERROR:process_reader_win.cc(151)] SuspendThread: 存取被拒。 (0x5)
[1130/135627.711:ERROR:process_reader_win.cc(151)] SuspendThread: 存取被拒。 (0x5)
[1130/135627.711:ERROR:process_reader_win.cc(151)] SuspendThread: 存取被拒。 (0x5)
[1130/135627.712:ERROR:process_reader_win.cc(151)] SuspendThread: 存取被拒。 (0x5)
[1130/135627.712:ERROR:process_reader_win.cc(123)] NtOpenThread: {拒絕存取} 程序已請求存取一物件，但未被授與存取權。 (0xc0000022)
[1130/135627.712:ERROR:exception_snapshot_win.cc(99)] thread ID 21340 not found in process
[1130/135627.713:ERROR:process_reader_win.cc(151)] SuspendThread: 存取被拒。 (0x5)
[1130/135627.713:ERROR:process_reader_win.cc(151)] SuspendThread: 存取被拒。 (0x5)
[1130/135627.714:ERROR:process_reader_win.cc(151)] SuspendThread: 存取被拒。 (0x5)
[1130/135627.714:ERROR:process_reader_win.cc(151)] SuspendThread: 存取被拒。 (0x5)
[1130/135627.715:ERROR:process_reader_win.cc(151)] SuspendThread: 存取被拒。 (0x5)
[1130/135627.715:ERROR:process_reader_win.cc(151)] SuspendThread: 存取被拒。 (0x5)
[1130/135627.716:ERROR:process_reader_win.cc(151)] SuspendThread: 存取被拒。 (0x5)
[1130/135627.716:ERROR:process_reader_win.cc(123)] NtOpenThread: {拒絕存取} 程序已請求存取一物件，但未被授與存取權。 (0xc0000022)
[1130/135627.716:ERROR:exception_snapshot_win.cc(99)] thread ID 9400 not found in process
[1130/135627.717:ERROR:process_reader_win.cc(151)] SuspendThread: 存取被拒。 (0x5)
[1130/135627.718:ERROR:process_reader_win.cc(151)] SuspendThread: 存取被拒。 (0x5)
[1130/135627.719:ERROR:process_reader_win.cc(151)] SuspendThread: 存取被拒。 (0x5)
[1130/135627.719:ERROR:process_reader_win.cc(123)] NtOpenThread: {拒絕存取} 程序已請求存取一物件，但未被授與存取權。 (0xc0000022)
[1130/135627.719:ERROR:exception_snapshot_win.cc(99)] thread ID 22204 not found in process
[1130/135627.747:ERROR:process_reader_win.cc(151)] SuspendThread: 存取被拒。 (0x5)
[1130/135627.750:ERROR:process_reader_win.cc(151)] SuspendThread: 存取被拒。 (0x5)
[1130/135627.751:ERROR:process_reader_win.cc(151)] SuspendThread: 存取被拒。 (0x5)
[1130/135627.753:ERROR:process_reader_win.cc(151)] SuspendThread: 存取被拒。 (0x5)
[1130/135627.754:ERROR:process_reader_win.cc(151)] SuspendThread: 存取被拒。 (0x5)
[1130/135627.755:ERROR:process_reader_win.cc(151)] SuspendThread: 存取被拒。 (0x5)
[1130/135627.757:ERROR:process_reader_win.cc(151)] SuspendThread: 存取被拒。 (0x5)
[1130/135627.758:ERROR:process_reader_win.cc(151)] SuspendThread: 存取被拒。 (0x5)
[1130/135627.760:ERROR:process_reader_win.cc(151)] SuspendThread: 存取被拒。 (0x5)
[1130/135627.762:ERROR:process_reader_win.cc(151)] SuspendThread: 存取被拒。 (0x5)
[1130/135627.763:ERROR:process_reader_win.cc(151)] SuspendThread: 存取被拒。 (0x5)
[1130/135627.763:ERROR:process_reader_win.cc(123)] NtOpenThread: {拒絕存取} 程序已請求存取一物件，但未被授與存取權。 (0xc0000022)
[1130/135627.763:ERROR:exception_snapshot_win.cc(99)] thread ID 17272 not found in process
[1130/143227.982:ERROR:process_reader_win.cc(123)] NtOpenThread: {拒絕存取} 程序已請求存取一物件，但未被授與存取權。 (0xc0000022)
[1130/143227.991:ERROR:exception_snapshot_win.cc(99)] thread ID 16424 not found in process
[1130/143227.988:ERROR:process_reader_win.cc(151)] SuspendThread: 存取被拒。 (0x5)
[1130/143227.996:ERROR:process_reader_win.cc(123)] NtOpenThread: {拒絕存取} 程序已請求存取一物件，但未被授與存取權。 (0xc0000022)
[1130/143227.996:ERROR:exception_snapshot_win.cc(99)] thread ID 22728 not found in process
[1130/143227.996:ERROR:process_reader_win.cc(123)] NtOpenThread: {拒絕存取} 程序已請求存取一物件，但未被授與存取權。 (0xc0000022)
[1130/143227.996:ERROR:exception_snapshot_win.cc(99)] thread ID 22932 not found in process
[1130/143227.997:ERROR:process_reader_win.cc(151)] SuspendThread: 存取被拒。 (0x5)
[1130/143227.999:ERROR:process_reader_win.cc(151)] SuspendThread: 存取被拒。 (0x5)
[1130/143227.997:ERROR:process_reader_win.cc(151)] SuspendThread: 存取被拒。 (0x5)
[1130/143228.001:ERROR:process_reader_win.cc(151)] SuspendThread: 存取被拒。 (0x5)
[1130/143228.001:ERROR:process_reader_win.cc(151)] SuspendThread: 存取被拒。 (0x5)
[1130/143228.002:ERROR:process_reader_win.cc(151)] SuspendThread: 存取被拒。 (0x5)
[1130/143228.003:ERROR:process_reader_win.cc(151)] SuspendThread: 存取被拒。 (0x5)
[1130/143228.003:ERROR:process_reader_win.cc(123)] NtOpenThread: {拒絕存取} 程序已請求存取一物件，但未被授與存取權。 (0xc0000022)
[1130/143228.003:ERROR:exception_snapshot_win.cc(99)] thread ID 16072 not found in process
[1130/143228.003:ERROR:process_reader_win.cc(123)] NtOpenThread: {拒絕存取} 程序已請求存取一物件，但未被授與存取權。 (0xc0000022)
[1130/143228.003:ERROR:exception_snapshot_win.cc(99)] thread ID 23816 not found in process
[1130/143228.004:ERROR:process_reader_win.cc(151)] SuspendThread: 存取被拒。 (0x5)
[1130/143228.005:ERROR:process_reader_win.cc(151)] SuspendThread: 存取被拒。 (0x5)
[1130/143228.005:ERROR:process_reader_win.cc(123)] NtOpenThread: {拒絕存取} 程序已請求存取一物件，但未被授與存取權。 (0xc0000022)
[1130/143228.008:ERROR:exception_snapshot_win.cc(99)] thread ID 23780 not found in process
[1130/143227.982:ERROR:process_reader_win.cc(123)] NtOpenThread: {拒絕存取} 程序已請求存取一物件，但未被授與存取權。 (0xc0000022)
[1130/143228.026:ERROR:exception_snapshot_win.cc(99)] thread ID 22120 not found in process
[1130/143228.027:ERROR:process_reader_win.cc(151)] SuspendThread: 存取被拒。 (0x5)
[1130/143228.027:ERROR:process_reader_win.cc(151)] SuspendThread: 存取被拒。 (0x5)
[1130/143228.027:ERROR:process_reader_win.cc(123)] NtOpenThread: {拒絕存取} 程序已請求存取一物件，但未被授與存取權。 (0xc0000022)
[1130/143228.027:ERROR:exception_snapshot_win.cc(99)] thread ID 5696 not found in process
[1130/143228.028:ERROR:process_reader_win.cc(151)] SuspendThread: 存取被拒。 (0x5)
[1130/143228.028:ERROR:process_reader_win.cc(151)] SuspendThread: 存取被拒。 (0x5)
[1130/143228.028:ERROR:process_reader_win.cc(123)] NtOpenThread: {拒絕存取} 程序已請求存取一物件，但未被授與存取權。 (0xc0000022)
[1130/143228.029:ERROR:exception_snapshot_win.cc(99)] thread ID 20936 not found in process
[1130/143228.030:ERROR:process_reader_win.cc(151)] SuspendThread: 存取被拒。 (0x5)
[1130/143228.031:ERROR:process_reader_win.cc(151)] SuspendThread: 存取被拒。 (0x5)
[1130/143228.033:ERROR:process_reader_win.cc(151)] SuspendThread: 存取被拒。 (0x5)
[1130/143228.035:ERROR:process_reader_win.cc(151)] SuspendThread: 存取被拒。 (0x5)
[1130/143228.035:ERROR:process_reader_win.cc(123)] NtOpenThread: {拒絕存取} 程序已請求存取一物件，但未被授與存取權。 (0xc0000022)
[1130/143228.035:ERROR:exception_snapshot_win.cc(99)] thread ID 20360 not found in process
[1130/143228.037:ERROR:process_reader_win.cc(123)] NtOpenThread: {拒絕存取} 程序已請求存取一物件，但未被授與存取權。 (0xc0000022)
[1130/143228.037:ERROR:process_reader_win.cc(151)] SuspendThread: 存取被拒。 (0x5)
[1130/143228.038:ERROR:exception_snapshot_win.cc(99)] thread ID 14264 not found in process
[1130/143228.038:ERROR:process_reader_win.cc(151)] SuspendThread: 存取被拒。 (0x5)
[1130/143228.038:ERROR:process_reader_win.cc(123)] NtOpenThread: {拒絕存取} 程序已請求存取一物件，但未被授與存取權。 (0xc0000022)
[1130/143228.038:ERROR:exception_snapshot_win.cc(99)] thread ID 21052 not found in process
[1130/143228.039:ERROR:process_reader_win.cc(151)] SuspendThread: 存取被拒。 (0x5)
[1130/143228.041:ERROR:process_reader_win.cc(151)] SuspendThread: 存取被拒。 (0x5)
[1130/143228.042:ERROR:process_reader_win.cc(151)] SuspendThread: 存取被拒。 (0x5)
[1130/143228.044:ERROR:process_reader_win.cc(151)] SuspendThread: 存取被拒。 (0x5)
[1130/143228.045:ERROR:process_reader_win.cc(151)] SuspendThread: 存取被拒。 (0x5)
[1130/143228.045:ERROR:process_reader_win.cc(151)] SuspendThread: 存取被拒。 (0x5)
[1130/143228.047:ERROR:process_reader_win.cc(151)] SuspendThread: 存取被拒。 (0x5)
[1130/143228.047:ERROR:process_reader_win.cc(151)] SuspendThread: 存取被拒。 (0x5)
[1130/143228.048:ERROR:process_reader_win.cc(151)] SuspendThread: 存取被拒。 (0x5)
[1130/143228.048:ERROR:process_reader_win.cc(123)] NtOpenThread: {拒絕存取} 程序已請求存取一物件，但未被授與存取權。 (0xc0000022)
[1130/143228.048:ERROR:exception_snapshot_win.cc(99)] thread ID 21480 not found in process
[1130/143228.055:ERROR:process_reader_win.cc(151)] SuspendThread: 存取被拒。 (0x5)
[1130/143228.056:ERROR:process_reader_win.cc(151)] SuspendThread: 存取被拒。 (0x5)
[1130/143228.058:ERROR:process_reader_win.cc(151)] SuspendThread: 存取被拒。 (0x5)
[1130/143228.059:ERROR:process_reader_win.cc(151)] SuspendThread: 存取被拒。 (0x5)
[1130/143228.060:ERROR:process_reader_win.cc(151)] SuspendThread: 存取被拒。 (0x5)
[1130/143228.061:ERROR:process_reader_win.cc(151)] SuspendThread: 存取被拒。 (0x5)
[1130/143228.062:ERROR:process_reader_win.cc(151)] SuspendThread: 存取被拒。 (0x5)
[1130/143228.064:ERROR:process_reader_win.cc(151)] SuspendThread: 存取被拒。 (0x5)
[1130/143228.066:ERROR:process_reader_win.cc(151)] SuspendThread: 存取被拒。 (0x5)
[1130/143228.066:ERROR:process_reader_win.cc(151)] SuspendThread: 存取被拒。 (0x5)
[1130/143228.067:ERROR:process_reader_win.cc(151)] SuspendThread: 存取被拒。 (0x5)
[1130/143228.068:ERROR:process_reader_win.cc(151)] SuspendThread: 存取被拒。 (0x5)
[1130/143228.068:ERROR:process_reader_win.cc(151)] SuspendThread: 存取被拒。 (0x5)
[1130/143228.069:ERROR:process_reader_win.cc(151)] SuspendThread: 存取被拒。 (0x5)
[1130/143228.070:ERROR:process_reader_win.cc(151)] SuspendThread: 存取被拒。 (0x5)
[1130/143228.070:ERROR:process_reader_win.cc(151)] SuspendThread: 存取被拒。 (0x5)
[1130/143228.070:ERROR:process_reader_win.cc(151)] SuspendThread: 存取被拒。 (0x5)
[1130/143228.070:ERROR:process_reader_win.cc(123)] NtOpenThread: {拒絕存取} 程序已請求存取一物件，但未被授與存取權。 (0xc0000022)
[1130/143228.071:ERROR:exception_snapshot_win.cc(99)] thread ID 19336 not found in process
[1130/143228.072:ERROR:process_reader_win.cc(151)] SuspendThread: 存取被拒。 (0x5)
[1130/143228.073:ERROR:process_reader_win.cc(151)] SuspendThread: 存取被拒。 (0x5)
[1130/143228.073:ERROR:process_reader_win.cc(151)] SuspendThread: 存取被拒。 (0x5)
[1130/143228.074:ERROR:process_reader_win.cc(151)] SuspendThread: 存取被拒。 (0x5)
[1130/143228.074:ERROR:process_reader_win.cc(151)] SuspendThread: 存取被拒。 (0x5)
[1130/143228.075:ERROR:process_reader_win.cc(151)] SuspendThread: 存取被拒。 (0x5)
[1130/143228.076:ERROR:process_reader_win.cc(151)] SuspendThread: 存取被拒。 (0x5)
[1130/143228.077:ERROR:process_reader_win.cc(151)] SuspendThread: 存取被拒。 (0x5)
[1130/143228.077:ERROR:process_reader_win.cc(151)] SuspendThread: 存取被拒。 (0x5)
[1130/143228.078:ERROR:process_reader_win.cc(151)] SuspendThread: 存取被拒。 (0x5)
[1130/143228.078:ERROR:process_reader_win.cc(151)] SuspendThread: 存取被拒。 (0x5)
[1130/143228.080:ERROR:process_reader_win.cc(151)] SuspendThread: 存取被拒。 (0x5)
[1130/143228.080:ERROR:process_reader_win.cc(151)] SuspendThread: 存取被拒。 (0x5)
[1130/143228.081:ERROR:process_reader_win.cc(151)] SuspendThread: 存取被拒。 (0x5)
[1130/143228.081:ERROR:process_reader_win.cc(151)] SuspendThread: 存取被拒。 (0x5)
[1130/143228.081:ERROR:process_reader_win.cc(123)] NtOpenThread: {拒絕存取} 程序已請求存取一物件，但未被授與存取權。 (0xc0000022)
[1130/143228.081:ERROR:exception_snapshot_win.cc(99)] thread ID 25880 not found in process
[1130/143228.082:ERROR:process_reader_win.cc(151)] SuspendThread: 存取被拒。 (0x5)
[1130/143228.083:ERROR:process_reader_win.cc(151)] SuspendThread: 存取被拒。 (0x5)
[1130/143228.085:ERROR:process_reader_win.cc(151)] SuspendThread: 存取被拒。 (0x5)
[1130/143228.087:ERROR:process_reader_win.cc(151)] SuspendThread: 存取被拒。 (0x5)
[1130/143228.088:ERROR:process_reader_win.cc(151)] SuspendThread: 存取被拒。 (0x5)
[1130/143228.088:ERROR:process_reader_win.cc(123)] NtOpenThread: {拒絕存取} 程序已請求存取一物件，但未被授與存取權。 (0xc0000022)
[1130/143228.088:ERROR:exception_snapshot_win.cc(99)] thread ID 26288 not found in process
[1130/143721.880:ERROR:process_reader_win.cc(151)] SuspendThread: 存取被拒。 (0x5)
[1130/143721.887:ERROR:process_reader_win.cc(151)] SuspendThread: 存取被拒。 (0x5)
[1130/143721.888:ERROR:process_reader_win.cc(151)] SuspendThread: 存取被拒。 (0x5)
[1130/143721.883:ERROR:process_reader_win.cc(151)] SuspendThread: 存取被拒。 (0x5)
[1130/143721.890:ERROR:process_reader_win.cc(151)] SuspendThread: 存取被拒。 (0x5)
[1130/143721.889:ERROR:process_reader_win.cc(123)] NtOpenThread: {拒絕存取} 程序已請求存取一物件，但未被授與存取權。 (0xc0000022)
[1130/143721.891:ERROR:exception_snapshot_win.cc(99)] thread ID 24000 not found in process
[1130/143721.897:ERROR:process_reader_win.cc(151)] SuspendThread: 存取被拒。 (0x5)
[1130/143721.899:ERROR:process_reader_win.cc(151)] SuspendThread: 存取被拒。 (0x5)
[1130/143721.864:ERROR:process_reader_win.cc(123)] NtOpenThread: {拒絕存取} 程序已請求存取一物件，但未被授與存取權。 (0xc0000022)
[1130/143721.901:ERROR:exception_snapshot_win.cc(99)] thread ID 15428 not found in process
[1130/143721.918:ERROR:process_reader_win.cc(151)] SuspendThread: 存取被拒。 (0x5)
[1130/143721.917:ERROR:process_reader_win.cc(151)] SuspendThread: 存取被拒。 (0x5)
[1130/143721.866:ERROR:process_reader_win.cc(123)] NtOpenThread: {拒絕存取} 程序已請求存取一物件，但未被授與存取權。 (0xc0000022)
[1130/143721.921:ERROR:exception_snapshot_win.cc(99)] thread ID 25800 not found in process
[1130/143721.926:ERROR:process_reader_win.cc(151)] SuspendThread: 存取被拒。 (0x5)
[1130/143721.926:ERROR:process_reader_win.cc(151)] SuspendThread: 存取被拒。 (0x5)
[1130/143721.926:ERROR:process_reader_win.cc(151)] SuspendThread: 存取被拒。 (0x5)
[1130/143721.926:ERROR:process_reader_win.cc(151)] SuspendThread: 存取被拒。 (0x5)
[1130/143721.926:ERROR:process_reader_win.cc(123)] NtOpenThread: {拒絕存取} 程序已請求存取一物件，但未被授與存取權。 (0xc0000022)
[1130/143721.926:ERROR:exception_snapshot_win.cc(99)] thread ID 26276 not found in process
[1130/143721.927:ERROR:process_reader_win.cc(151)] SuspendThread: 存取被拒。 (0x5)
[1130/143721.928:ERROR:process_reader_win.cc(151)] SuspendThread: 存取被拒。 (0x5)
[1130/143721.929:ERROR:process_reader_win.cc(151)] SuspendThread: 存取被拒。 (0x5)
[1130/143721.929:ERROR:process_reader_win.cc(151)] SuspendThread: 存取被拒。 (0x5)
[1130/143721.929:ERROR:process_reader_win.cc(123)] NtOpenThread: {拒絕存取} 程序已請求存取一物件，但未被授與存取權。 (0xc0000022)
[1130/143721.929:ERROR:exception_snapshot_win.cc(99)] thread ID 7012 not found in process
[1130/143721.931:ERROR:process_reader_win.cc(151)] SuspendThread: 存取被拒。 (0x5)
[1130/143721.929:ERROR:process_reader_win.cc(151)] SuspendThread: 存取被拒。 (0x5)
[1130/143721.932:ERROR:process_reader_win.cc(151)] SuspendThread: 存取被拒。 (0x5)
[1130/143721.933:ERROR:process_reader_win.cc(151)] SuspendThread: 存取被拒。 (0x5)
[1130/143721.933:ERROR:process_reader_win.cc(123)] NtOpenThread: {拒絕存取} 程序已請求存取一物件，但未被授與存取權。 (0xc0000022)
[1130/143721.933:ERROR:exception_snapshot_win.cc(99)] thread ID 24296 not found in process
[1130/143721.933:ERROR:process_reader_win.cc(151)] SuspendThread: 存取被拒。 (0x5)
[1130/143721.934:ERROR:process_reader_win.cc(151)] SuspendThread: 存取被拒。 (0x5)
[1130/143721.934:ERROR:process_reader_win.cc(151)] SuspendThread: 存取被拒。 (0x5)
[1130/143721.935:ERROR:process_reader_win.cc(151)] SuspendThread: 存取被拒。 (0x5)
[1130/143721.935:ERROR:process_reader_win.cc(151)] SuspendThread: 存取被拒。 (0x5)
[1130/143721.934:ERROR:process_reader_win.cc(123)] NtOpenThread: {拒絕存取} 程序已請求存取一物件，但未被授與存取權。 (0xc0000022)
[1130/143721.936:ERROR:exception_snapshot_win.cc(99)] thread ID 2648 not found in process
[1130/143721.937:ERROR:process_reader_win.cc(151)] SuspendThread: 存取被拒。 (0x5)
[1130/143721.937:ERROR:process_reader_win.cc(151)] SuspendThread: 存取被拒。 (0x5)
[1130/143721.939:ERROR:process_reader_win.cc(151)] SuspendThread: 存取被拒。 (0x5)
[1130/143721.939:ERROR:process_reader_win.cc(151)] SuspendThread: 存取被拒。 (0x5)
[1130/143721.939:ERROR:process_reader_win.cc(151)] SuspendThread: 存取被拒。 (0x5)
[1130/143721.939:ERROR:process_reader_win.cc(123)] NtOpenThread: {拒絕存取} 程序已請求存取一物件，但未被授與存取權。 (0xc0000022)
[1130/143721.939:ERROR:process_reader_win.cc(123)] NtOpenThread: {拒絕存取} 程序已請求存取一物件，但未被授與存取權。 (0xc0000022)
[1130/143721.939:ERROR:exception_snapshot_win.cc(99)] thread ID 24964 not found in process
[1130/143721.939:ERROR:process_reader_win.cc(151)] SuspendThread: 存取被拒。 (0x5)
[1130/143721.939:ERROR:exception_snapshot_win.cc(99)] thread ID 24016 not found in process
[1130/143721.940:ERROR:process_reader_win.cc(151)] SuspendThread: 存取被拒。 (0x5)
[1130/143721.942:ERROR:process_reader_win.cc(151)] SuspendThread: 存取被拒。 (0x5)
[1130/143721.942:ERROR:process_reader_win.cc(123)] NtOpenThread: {拒絕存取} 程序已請求存取一物件，但未被授與存取權。 (0xc0000022)
[1130/143721.942:ERROR:exception_snapshot_win.cc(99)] thread ID 25672 not found in process
[1130/143721.943:ERROR:process_reader_win.cc(151)] SuspendThread: 存取被拒。 (0x5)
[1130/143721.873:ERROR:process_reader_win.cc(151)] SuspendThread: 存取被拒。 (0x5)
[1130/143721.944:ERROR:process_reader_win.cc(151)] SuspendThread: 存取被拒。 (0x5)
[1130/143721.944:ERROR:process_reader_win.cc(151)] SuspendThread: 存取被拒。 (0x5)
[1130/143721.944:ERROR:process_reader_win.cc(151)] SuspendThread: 存取被拒。 (0x5)
[1130/143721.945:ERROR:process_reader_win.cc(151)] SuspendThread: 存取被拒。 (0x5)
[1130/143721.945:ERROR:process_reader_win.cc(151)] SuspendThread: 存取被拒。 (0x5)
[1130/143721.946:ERROR:process_reader_win.cc(151)] SuspendThread: 存取被拒。 (0x5)
[1130/143721.946:ERROR:process_reader_win.cc(151)] SuspendThread: 存取被拒。 (0x5)
[1130/143721.947:ERROR:process_reader_win.cc(151)] SuspendThread: 存取被拒。 (0x5)
[1130/143721.947:ERROR:process_reader_win.cc(151)] SuspendThread: 存取被拒。 (0x5)
[1130/143721.947:ERROR:process_reader_win.cc(123)] NtOpenThread: {拒絕存取} 程序已請求存取一物件，但未被授與存取權。 (0xc0000022)
[1130/143721.947:ERROR:exception_snapshot_win.cc(99)] thread ID 5520 not found in process
[1130/143721.947:ERROR:process_reader_win.cc(151)] SuspendThread: 存取被拒。 (0x5)
[1130/143721.947:ERROR:process_reader_win.cc(123)] NtOpenThread: 指定不正確的用戶端識別碼。 (0xc000000b)
[1130/143721.948:ERROR:process_reader_win.cc(151)] SuspendThread: 存取被拒。 (0x5)
[1130/143721.948:ERROR:process_reader_win.cc(151)] SuspendThread: 存取被拒。 (0x5)
[1130/143721.949:ERROR:process_reader_win.cc(151)] SuspendThread: 存取被拒。 (0x5)
[1130/143721.949:ERROR:process_reader_win.cc(151)] SuspendThread: 存取被拒。 (0x5)
[1130/143721.950:ERROR:process_reader_win.cc(151)] SuspendThread: 存取被拒。 (0x5)
[1130/143721.951:ERROR:process_reader_win.cc(151)] SuspendThread: 存取被拒。 (0x5)
[1130/143721.951:ERROR:process_reader_win.cc(151)] SuspendThread: 存取被拒。 (0x5)
[1130/143721.951:ERROR:process_reader_win.cc(151)] SuspendThread: 存取被拒。 (0x5)
[1130/143721.956:ERROR:process_reader_win.cc(151)] SuspendThread: 存取被拒。 (0x5)
[1130/143721.956:ERROR:process_reader_win.cc(151)] SuspendThread: 存取被拒。 (0x5)
[1130/143721.958:ERROR:process_reader_win.cc(151)] SuspendThread: 存取被拒。 (0x5)
[1130/143721.958:ERROR:process_reader_win.cc(151)] SuspendThread: 存取被拒。 (0x5)
[1130/143721.958:ERROR:process_reader_win.cc(151)] SuspendThread: 存取被拒。 (0x5)
[1130/143721.959:ERROR:process_reader_win.cc(151)] SuspendThread: 存取被拒。 (0x5)
[1130/143721.959:ERROR:process_reader_win.cc(151)] SuspendThread: 存取被拒。 (0x5)
[1130/143721.959:ERROR:process_reader_win.cc(151)] SuspendThread: 存取被拒。 (0x5)
[1130/143721.960:ERROR:process_reader_win.cc(151)] SuspendThread: 存取被拒。 (0x5)
[1130/143721.960:ERROR:process_reader_win.cc(151)] SuspendThread: 存取被拒。 (0x5)
[1130/143721.961:ERROR:process_reader_win.cc(151)] SuspendThread: 存取被拒。 (0x5)
[1130/143721.961:ERROR:process_reader_win.cc(151)] SuspendThread: 存取被拒。 (0x5)
[1130/143721.962:ERROR:process_reader_win.cc(151)] SuspendThread: 存取被拒。 (0x5)
[1130/143721.962:ERROR:process_reader_win.cc(151)] SuspendThread: 存取被拒。 (0x5)
[1130/143721.963:ERROR:process_reader_win.cc(151)] SuspendThread: 存取被拒。 (0x5)
[1130/143721.963:ERROR:process_reader_win.cc(151)] SuspendThread: 存取被拒。 (0x5)
[1130/143721.963:ERROR:process_reader_win.cc(151)] SuspendThread: 存取被拒。 (0x5)
[1130/143721.964:ERROR:process_reader_win.cc(151)] SuspendThread: 存取被拒。 (0x5)
[1130/143721.964:ERROR:process_reader_win.cc(123)] NtOpenThread: {拒絕存取} 程序已請求存取一物件，但未被授與存取權。 (0xc0000022)
[1130/143721.964:ERROR:exception_snapshot_win.cc(99)] thread ID 6872 not found in process
[1130/143721.964:ERROR:process_reader_win.cc(151)] SuspendThread: 存取被拒。 (0x5)
[1130/143721.964:ERROR:process_reader_win.cc(151)] SuspendThread: 存取被拒。 (0x5)
[1130/143721.965:ERROR:process_reader_win.cc(151)] SuspendThread: 存取被拒。 (0x5)
[1130/143721.965:ERROR:process_reader_win.cc(151)] SuspendThread: 存取被拒。 (0x5)
[1130/143721.965:ERROR:process_reader_win.cc(151)] SuspendThread: 存取被拒。 (0x5)
[1130/143721.966:ERROR:process_reader_win.cc(151)] SuspendThread: 存取被拒。 (0x5)
[1130/143721.967:ERROR:process_reader_win.cc(151)] SuspendThread: 存取被拒。 (0x5)
[1130/143721.968:ERROR:process_reader_win.cc(151)] SuspendThread: 存取被拒。 (0x5)
[1130/143721.968:ERROR:process_reader_win.cc(123)] NtOpenThread: {拒絕存取} 程序已請求存取一物件，但未被授與存取權。 (0xc0000022)
[1130/143721.968:ERROR:exception_snapshot_win.cc(99)] thread ID 24352 not found in process
[1130/143721.969:ERROR:process_reader_win.cc(151)] SuspendThread: 存取被拒。 (0x5)
[1130/143721.972:ERROR:process_reader_win.cc(151)] SuspendThread: 存取被拒。 (0x5)
[1130/143721.973:ERROR:process_reader_win.cc(151)] SuspendThread: 存取被拒。 (0x5)
[1130/143721.975:ERROR:process_reader_win.cc(151)] SuspendThread: 存取被拒。 (0x5)
[1130/143721.975:ERROR:process_reader_win.cc(151)] SuspendThread: 存取被拒。 (0x5)
[1130/143721.976:ERROR:process_reader_win.cc(151)] SuspendThread: 存取被拒。 (0x5)
[1130/143721.976:ERROR:process_reader_win.cc(151)] SuspendThread: 存取被拒。 (0x5)
[1130/143721.977:ERROR:process_reader_win.cc(151)] SuspendThread: 存取被拒。 (0x5)
[1130/143721.977:ERROR:process_reader_win.cc(151)] SuspendThread: 存取被拒。 (0x5)
[1130/143721.978:ERROR:process_reader_win.cc(151)] SuspendThread: 存取被拒。 (0x5)
[1130/143721.978:ERROR:process_reader_win.cc(151)] SuspendThread: 存取被拒。 (0x5)
[1130/143721.978:ERROR:process_reader_win.cc(151)] SuspendThread: 存取被拒。 (0x5)
[1130/143721.979:ERROR:process_reader_win.cc(151)] SuspendThread: 存取被拒。 (0x5)
[1130/143721.980:ERROR:process_reader_win.cc(151)] SuspendThread: 存取被拒。 (0x5)
[1130/143721.980:ERROR:process_reader_win.cc(151)] SuspendThread: 存取被拒。 (0x5)
[1130/143721.981:ERROR:process_reader_win.cc(151)] SuspendThread: 存取被拒。 (0x5)
[1130/143721.981:ERROR:process_reader_win.cc(151)] SuspendThread: 存取被拒。 (0x5)
[1130/143721.979:ERROR:process_reader_win.cc(151)] SuspendThread: 存取被拒。 (0x5)
[1130/143721.982:ERROR:process_reader_win.cc(151)] SuspendThread: 存取被拒。 (0x5)
[1130/143721.982:ERROR:process_reader_win.cc(123)] NtOpenThread: {拒絕存取} 程序已請求存取一物件，但未被授與存取權。 (0xc0000022)
[1130/143721.982:ERROR:exception_snapshot_win.cc(99)] thread ID 15844 not found in process
[1130/143721.983:ERROR:process_reader_win.cc(151)] SuspendThread: 存取被拒。 (0x5)
[1130/143721.983:ERROR:process_reader_win.cc(151)] SuspendThread: 存取被拒。 (0x5)
[1130/143721.984:ERROR:process_reader_win.cc(151)] SuspendThread: 存取被拒。 (0x5)
[1130/143721.986:ERROR:process_reader_win.cc(151)] SuspendThread: 存取被拒。 (0x5)
[1130/143721.987:ERROR:process_reader_win.cc(151)] SuspendThread: 存取被拒。 (0x5)
[1130/143721.989:ERROR:process_reader_win.cc(151)] SuspendThread: 存取被拒。 (0x5)
[1130/143721.989:ERROR:process_reader_win.cc(151)] SuspendThread: 存取被拒。 (0x5)
[1130/143721.990:ERROR:process_reader_win.cc(151)] SuspendThread: 存取被拒。 (0x5)
[1130/143721.990:ERROR:process_reader_win.cc(151)] SuspendThread: 存取被拒。 (0x5)
[1130/143721.991:ERROR:process_reader_win.cc(151)] SuspendThread: 存取被拒。 (0x5)
[1130/143721.991:ERROR:process_reader_win.cc(151)] SuspendThread: 存取被拒。 (0x5)
[1130/143721.992:ERROR:process_reader_win.cc(151)] SuspendThread: 存取被拒。 (0x5)
[1130/143721.993:ERROR:process_reader_win.cc(151)] SuspendThread: 存取被拒。 (0x5)
[1130/143721.994:ERROR:process_reader_win.cc(151)] SuspendThread: 存取被拒。 (0x5)
[1130/143721.994:ERROR:process_reader_win.cc(151)] SuspendThread: 存取被拒。 (0x5)
[1130/143721.995:ERROR:process_reader_win.cc(151)] SuspendThread: 存取被拒。 (0x5)
[1130/143721.996:ERROR:process_reader_win.cc(151)] SuspendThread: 存取被拒。 (0x5)
[1130/143721.997:ERROR:process_reader_win.cc(151)] SuspendThread: 存取被拒。 (0x5)
[1130/143721.997:ERROR:process_reader_win.cc(151)] SuspendThread: 存取被拒。 (0x5)
[1130/143721.998:ERROR:process_reader_win.cc(151)] SuspendThread: 存取被拒。 (0x5)
[1130/143721.998:ERROR:process_reader_win.cc(151)] SuspendThread: 存取被拒。 (0x5)
[1130/143721.998:ERROR:process_reader_win.cc(151)] SuspendThread: 存取被拒。 (0x5)
[1130/143721.999:ERROR:process_reader_win.cc(151)] SuspendThread: 存取被拒。 (0x5)
[1130/143721.999:ERROR:process_reader_win.cc(151)] SuspendThread: 存取被拒。 (0x5)
[1130/143721.999:ERROR:process_reader_win.cc(123)] NtOpenThread: {拒絕存取} 程序已請求存取一物件，但未被授與存取權。 (0xc0000022)
[1130/143721.999:ERROR:exception_snapshot_win.cc(99)] thread ID 4592 not found in process
[1130/143721.999:ERROR:process_reader_win.cc(151)] SuspendThread: 存取被拒。 (0x5)
[1130/143722.000:ERROR:process_reader_win.cc(151)] SuspendThread: 存取被拒。 (0x5)
[1130/143722.001:ERROR:process_reader_win.cc(151)] SuspendThread: 存取被拒。 (0x5)
[1130/143722.001:ERROR:process_reader_win.cc(151)] SuspendThread: 存取被拒。 (0x5)
[1130/143722.002:ERROR:process_reader_win.cc(151)] SuspendThread: 存取被拒。 (0x5)
[1130/143722.002:ERROR:process_reader_win.cc(151)] SuspendThread: 存取被拒。 (0x5)
[1130/143722.003:ERROR:process_reader_win.cc(151)] SuspendThread: 存取被拒。 (0x5)
[1130/143722.003:ERROR:process_reader_win.cc(151)] SuspendThread: 存取被拒。 (0x5)
[1130/143722.005:ERROR:process_reader_win.cc(151)] SuspendThread: 存取被拒。 (0x5)
[1130/143722.005:ERROR:process_reader_win.cc(151)] SuspendThread: 存取被拒。 (0x5)
[1130/143722.005:ERROR:process_reader_win.cc(151)] SuspendThread: 存取被拒。 (0x5)
[1130/143722.006:ERROR:process_reader_win.cc(151)] SuspendThread: 存取被拒。 (0x5)
[1130/143722.006:ERROR:process_reader_win.cc(151)] SuspendThread: 存取被拒。 (0x5)
[1130/143722.007:ERROR:process_reader_win.cc(151)] SuspendThread: 存取被拒。 (0x5)
[1130/143722.007:ERROR:process_reader_win.cc(151)] SuspendThread: 存取被拒。 (0x5)
[1130/143722.007:ERROR:process_reader_win.cc(123)] NtOpenThread: {拒絕存取} 程序已請求存取一物件，但未被授與存取權。 (0xc0000022)
[1130/143722.007:ERROR:process_reader_win.cc(151)] SuspendThread: 存取被拒。 (0x5)
[1130/143722.007:ERROR:exception_snapshot_win.cc(99)] thread ID 21772 not found in process
[1130/143722.009:ERROR:process_reader_win.cc(151)] SuspendThread: 存取被拒。 (0x5)
[1130/143722.009:ERROR:process_reader_win.cc(151)] SuspendThread: 存取被拒。 (0x5)
[1130/143722.010:ERROR:process_reader_win.cc(151)] SuspendThread: 存取被拒。 (0x5)
[1130/143722.010:ERROR:process_reader_win.cc(151)] SuspendThread: 存取被拒。 (0x5)
[1130/143722.012:ERROR:process_reader_win.cc(151)] SuspendThread: 存取被拒。 (0x5)
[1130/143722.012:ERROR:process_reader_win.cc(151)] SuspendThread: 存取被拒。 (0x5)
[1130/143722.012:ERROR:process_reader_win.cc(151)] SuspendThread: 存取被拒。 (0x5)
[1130/143722.012:ERROR:process_reader_win.cc(123)] NtOpenThread: {拒絕存取} 程序已請求存取一物件，但未被授與存取權。 (0xc0000022)
[1130/143722.012:ERROR:exception_snapshot_win.cc(99)] thread ID 25592 not found in process
[1130/143722.013:ERROR:process_reader_win.cc(151)] SuspendThread: 存取被拒。 (0x5)
[1130/143722.015:ERROR:process_reader_win.cc(151)] SuspendThread: 存取被拒。 (0x5)
[1130/143722.017:ERROR:process_reader_win.cc(151)] SuspendThread: 存取被拒。 (0x5)
[1130/143722.019:ERROR:process_reader_win.cc(151)] SuspendThread: 存取被拒。 (0x5)
[1130/143722.019:ERROR:process_reader_win.cc(123)] NtOpenThread: {拒絕存取} 程序已請求存取一物件，但未被授與存取權。 (0xc0000022)
[1130/143722.019:ERROR:exception_snapshot_win.cc(99)] thread ID 7460 not found in process
[1130/143722.030:ERROR:process_reader_win.cc(151)] SuspendThread: 存取被拒。 (0x5)
[1130/143722.031:ERROR:process_reader_win.cc(151)] SuspendThread: 存取被拒。 (0x5)
[1130/143722.031:ERROR:process_reader_win.cc(151)] SuspendThread: 存取被拒。 (0x5)
[1130/143722.032:ERROR:process_reader_win.cc(151)] SuspendThread: 存取被拒。 (0x5)
[1130/143722.033:ERROR:process_reader_win.cc(151)] SuspendThread: 存取被拒。 (0x5)
[1130/143722.033:ERROR:process_reader_win.cc(151)] SuspendThread: 存取被拒。 (0x5)
[1130/143722.033:ERROR:process_reader_win.cc(151)] SuspendThread: 存取被拒。 (0x5)
[1130/143722.034:ERROR:process_reader_win.cc(151)] SuspendThread: 存取被拒。 (0x5)
[1130/143722.034:ERROR:process_reader_win.cc(151)] SuspendThread: 存取被拒。 (0x5)
[1130/143722.034:ERROR:process_reader_win.cc(151)] SuspendThread: 存取被拒。 (0x5)
[1130/143722.035:ERROR:process_reader_win.cc(151)] SuspendThread: 存取被拒。 (0x5)
[1130/143722.035:ERROR:process_reader_win.cc(151)] SuspendThread: 存取被拒。 (0x5)
[1130/143722.035:ERROR:process_reader_win.cc(151)] SuspendThread: 存取被拒。 (0x5)
[1130/143722.036:ERROR:process_reader_win.cc(151)] SuspendThread: 存取被拒。 (0x5)
[1130/143722.036:ERROR:process_reader_win.cc(151)] SuspendThread: 存取被拒。 (0x5)
[1130/143722.037:ERROR:process_reader_win.cc(151)] SuspendThread: 存取被拒。 (0x5)
[1130/143722.037:ERROR:process_reader_win.cc(151)] SuspendThread: 存取被拒。 (0x5)
[1130/143722.037:ERROR:process_reader_win.cc(151)] SuspendThread: 存取被拒。 (0x5)
[1130/143722.038:ERROR:process_reader_win.cc(151)] SuspendThread: 存取被拒。 (0x5)
[1130/143722.038:ERROR:process_reader_win.cc(151)] SuspendThread: 存取被拒。 (0x5)
[1130/143722.038:ERROR:process_reader_win.cc(151)] SuspendThread: 存取被拒。 (0x5)
[1130/143722.039:ERROR:process_reader_win.cc(151)] SuspendThread: 存取被拒。 (0x5)
[1130/143722.039:ERROR:process_reader_win.cc(151)] SuspendThread: 存取被拒。 (0x5)
[1130/143722.039:ERROR:process_reader_win.cc(151)] SuspendThread: 存取被拒。 (0x5)
[1130/143722.040:ERROR:process_reader_win.cc(151)] SuspendThread: 存取被拒。 (0x5)
[1130/143722.040:ERROR:process_reader_win.cc(151)] SuspendThread: 存取被拒。 (0x5)
[1130/143722.041:ERROR:process_reader_win.cc(151)] SuspendThread: 存取被拒。 (0x5)
[1130/143722.041:ERROR:process_reader_win.cc(151)] SuspendThread: 存取被拒。 (0x5)
[1130/143722.041:ERROR:process_reader_win.cc(151)] SuspendThread: 存取被拒。 (0x5)
[1130/143722.041:ERROR:process_reader_win.cc(151)] SuspendThread: 存取被拒。 (0x5)
[1130/143722.042:ERROR:process_reader_win.cc(151)] SuspendThread: 存取被拒。 (0x5)
[1130/143722.042:ERROR:process_reader_win.cc(151)] SuspendThread: 存取被拒。 (0x5)
[1130/143722.042:ERROR:process_reader_win.cc(151)] SuspendThread: 存取被拒。 (0x5)
[1130/143722.043:ERROR:process_reader_win.cc(151)] SuspendThread: 存取被拒。 (0x5)
[1130/143722.043:ERROR:process_reader_win.cc(151)] SuspendThread: 存取被拒。 (0x5)
[1130/143722.043:ERROR:process_reader_win.cc(151)] SuspendThread: 存取被拒。 (0x5)
[1130/143722.044:ERROR:process_reader_win.cc(151)] SuspendThread: 存取被拒。 (0x5)
[1130/143722.044:ERROR:process_reader_win.cc(151)] SuspendThread: 存取被拒。 (0x5)
[1130/143722.044:ERROR:process_reader_win.cc(123)] NtOpenThread: {拒絕存取} 程序已請求存取一物件，但未被授與存取權。 (0xc0000022)
[1130/143722.044:ERROR:exception_snapshot_win.cc(99)] thread ID 23228 not found in process
[1130/143722.044:ERROR:process_reader_win.cc(151)] SuspendThread: 存取被拒。 (0x5)
[1130/143722.044:ERROR:process_reader_win.cc(123)] NtOpenThread: {拒絕存取} 程序已請求存取一物件，但未被授與存取權。 (0xc0000022)
[1130/143722.044:ERROR:exception_snapshot_win.cc(99)] thread ID 20364 not found in process
[1130/143722.045:ERROR:process_reader_win.cc(151)] SuspendThread: 存取被拒。 (0x5)
[1130/143722.045:ERROR:process_reader_win.cc(123)] NtOpenThread: {拒絕存取} 程序已請求存取一物件，但未被授與存取權。 (0xc0000022)
[1130/143722.045:ERROR:exception_snapshot_win.cc(99)] thread ID 9948 not found in process
[1130/143722.045:ERROR:process_reader_win.cc(151)] SuspendThread: 存取被拒。 (0x5)
[1130/143722.046:ERROR:process_reader_win.cc(151)] SuspendThread: 存取被拒。 (0x5)
[1130/143722.048:ERROR:process_reader_win.cc(151)] SuspendThread: 存取被拒。 (0x5)
[1130/143722.049:ERROR:process_reader_win.cc(151)] SuspendThread: 存取被拒。 (0x5)
[1130/143722.049:ERROR:process_reader_win.cc(123)] NtOpenThread: {拒絕存取} 程序已請求存取一物件，但未被授與存取權。 (0xc0000022)
[1130/143722.049:ERROR:exception_snapshot_win.cc(99)] thread ID 26064 not found in process
